Using pre-set license
Built from '2022.1/staging' branch; Version is '2022.1.22f1 (6b6e9fc2adda) revision 7040671'; Using compiler version '192829333'; Build Type 'Release'
OS: 'Windows 11  (10.0.22621) 64bit Core' Language: 'en' Physical Memory: 16085 MB
BatchMode: 1, IsHumanControllingUs: 0, StartBugReporterOnCrash: 0, Is64bit: 1, IsPro: 1

COMMAND LINE ARGUMENTS:
C:\Program Files\Unity\Hub\Editor\2022.1.22f1\Editor\Unity.exe
-adb2
-batchMode
-noUpm
-name
AssetImportWorker18
-projectPath
C:/Users/ajhor/Documents/GitHub/LockedIN
-logFile
Logs/AssetImportWorker18.log
-srvPort
53226
Successfully changed project path to: C:/Users/ajhor/Documents/GitHub/LockedIN
C:/Users/ajhor/Documents/GitHub/LockedIN
[UnityMemory] Configuration Parameters - Can be set up in boot.config
    "memorysetup-bucket-allocator-granularity=16"
    "memorysetup-bucket-allocator-bucket-count=8"
    "memorysetup-bucket-allocator-block-size=33554432"
    "memorysetup-bucket-allocator-block-count=8"
    "memorysetup-main-allocator-block-size=16777216"
    "memorysetup-thread-allocator-block-size=16777216"
    "memorysetup-gfx-main-allocator-block-size=16777216"
    "memorysetup-gfx-thread-allocator-block-size=16777216"
    "memorysetup-cache-allocator-block-size=4194304"
    "memorysetup-typetree-allocator-block-size=2097152"
    "memorysetup-profiler-bucket-allocator-granularity=16"
    "memorysetup-profiler-bucket-allocator-bucket-count=8"
    "memorysetup-profiler-bucket-allocator-block-size=33554432"
    "memorysetup-profiler-bucket-allocator-block-count=8"
    "memorysetup-profiler-allocator-block-size=16777216"
    "memorysetup-profiler-editor-allocator-block-size=1048576"
    "memorysetup-temp-allocator-size-main=16777216"
    "memorysetup-job-temp-allocator-block-size=2097152"
    "memorysetup-job-temp-allocator-block-size-background=1048576"
    "memorysetup-job-temp-allocator-reduction-small-platforms=262144"
    "memorysetup-temp-allocator-size-background-worker=32768"
    "memorysetup-temp-allocator-size-job-worker=262144"
    "memorysetup-temp-allocator-size-preload-manager=33554432"
    "memorysetup-temp-allocator-size-nav-mesh-worker=65536"
    "memorysetup-temp-allocator-size-audio-worker=65536"
    "memorysetup-temp-allocator-size-cloud-worker=32768"
    "memorysetup-temp-allocator-size-gi-baking-worker=262144"
    "memorysetup-temp-allocator-size-gfx=262144"
Refreshing native plugins compatible for Editor in 95.12 ms, found 11 plugins.
Preloading 1 native plugins for Editor in 0.46 ms.
Initialize engine version: 2022.1.22f1 (6b6e9fc2adda)
[Subsystems] Discovering subsystems at path C:/Program Files/Unity/Hub/Editor/2022.1.22f1/Editor/Data/Resources/UnitySubsystems
[Subsystems] Discovering subsystems at path C:/Users/ajhor/Documents/GitHub/LockedIN/Assets
GfxDevice: creating device client; threaded=0; jobified=0
Direct3D:
    Version:  Direct3D 11.0 [level 11.1]
    Renderer: NVIDIA GeForce RTX 3070 Ti Laptop GPU (ID=0x24a0)
    Vendor:   NVIDIA
    VRAM:     8032 MB
    Driver:   31.0.15.2901
Initialize mono
Mono path[0] = 'C:/Program Files/Unity/Hub/Editor/2022.1.22f1/Editor/Data/Managed'
Mono path[1] = 'C:/Program Files/Unity/Hub/Editor/2022.1.22f1/Editor/Data/MonoBleedingEdge/lib/mono/unityjit-win32'
Mono config path = 'C:/Program Files/Unity/Hub/Editor/2022.1.22f1/Editor/Data/MonoBleedingEdge/etc'
Using monoOptions --debugger-agent=transport=dt_socket,embedding=1,server=y,suspend=n,address=127.0.0.1:56376
Begin MonoManager ReloadAssembly
Registering precompiled unity dll's ...
Register platform support module: C:/Program Files/Unity/Hub/Editor/2022.1.22f1/Editor/Data/PlaybackEngines/WebGLSupport/UnityEditor.WebGL.Extensions.dll
Register platform support module: C:/Program Files/Unity/Hub/Editor/2022.1.22f1/Editor/Data/PlaybackEngines/AndroidPlayer/UnityEditor.Android.Extensions.dll
Register platform support module: C:/Program Files/Unity/Hub/Editor/2022.1.22f1/Editor/Data/PlaybackEngines/WindowsStandaloneSupport/UnityEditor.WindowsStandalone.Extensions.dll
Registered in 0.003245 seconds.
Native extension for WindowsStandalone target not found
Native extension for Android target not found
Native extension for WebGL target not found
Refreshing native plugins compatible for Editor in 70.23 ms, found 11 plugins.
Preloading 1 native plugins for Editor in 0.12 ms.
Mono: successfully reloaded assembly
- Completed reload, in  0.459 seconds
Domain Reload Profiling:
	ReloadAssembly (460ms)
		BeginReloadAssembly (47ms)
			ExecutionOrderSort (0ms)
			DisableScriptedObjects (0ms)
			BackupInstance (0ms)
			ReleaseScriptingObjects (0ms)
			CreateAndSetChildDomain (0ms)
		EndReloadAssembly (343ms)
			LoadAssemblies (46ms)
			RebuildTransferFunctionScriptingTraits (0ms)
			SetupTypeCache (79ms)
				TypeCache.Initialize (79ms)
					TypeCache.ScanAssembly (78ms)
				ResolveRequiredComponents (0ms)
			ReleaseScriptCaches (0ms)
			RebuildScriptCaches (17ms)
			SetupLoadedEditorAssemblies (210ms)
				LogAssemblyErrors (0ms)
				InitializePlatformSupportModulesInManaged (39ms)
				SetLoadedEditorAssemblies (5ms)
				RefreshPlugins (70ms)
				BeforeProcessingInitializeOnLoad (1ms)
				ProcessInitializeOnLoadAttributes (65ms)
				ProcessInitializeOnLoadMethodAttributes (28ms)
				AfterProcessingInitializeOnLoad (0ms)
				EditorAssembliesLoaded (0ms)
			ExecutionOrderSort2 (0ms)
			AwakeInstancesAfterBackupRestoration (0ms)
Platform modules already initialized, skipping
Registering precompiled user dll's ...
Registered in 0.004945 seconds.
Android Extension - Scanning For ADB Devices 674 ms
Begin MonoManager ReloadAssembly
Symbol file LoadedFromMemory doesn't match image C:\Users\ajhor\Documents\GitHub\LockedIN\Library\PackageCache\com.unity.visualscripting@1.7.8\Editor\VisualScripting.Core\Dependencies\DotNetZip\Unity.VisualScripting.IonicZip.dll
Symbol file LoadedFromMemory doesn't match image C:\Users\ajhor\Documents\GitHub\LockedIN\Library\PackageCache\com.unity.visualscripting@1.7.8\Editor\VisualScripting.Core\Dependencies\YamlDotNet\Unity.VisualScripting.YamlDotNet.dll
Native extension for WindowsStandalone target not found
Native extension for Android target not found
Native extension for WebGL target not found
Refreshing native plugins compatible for Editor in 68.67 ms, found 11 plugins.
Preloading 1 native plugins for Editor in 0.05 ms.
Package Manager log level set to [2]
[Package Manager] Server::EnsureServerProcessIsRunning -- launch failed, reason: Unity was launched with the -noUpm command-line argument
[Package Manager] UpmClient::Send -- Unable to send message (not connected to UPM process).
[Package Manager] Cannot connect to Unity Package Manager local server
System.Reflection.TargetInvocationException: Exception has been thrown by the target of an invocation. ---> System.NullReferenceException: Object reference not set to an instance of an object
  at Unity.XR.Oculus.OculusLoader.AssetPathToAbsolutePath (System.String assetPath) [0x0003d] in C:\Users\ajhor\Documents\GitHub\LockedIN\Library\PackageCache\com.unity.xr.oculus@3.2.3\Runtime\OculusLoader.cs:296 
  at Unity.XR.Oculus.OculusLoader.EditorLoadOVRPlugin () [0x0007b] in C:\Users\ajhor\Documents\GitHub\LockedIN\Library\PackageCache\com.unity.xr.oculus@3.2.3\Runtime\OculusLoader.cs:281 
  at (wrapper managed-to-native) System.Reflection.RuntimeMethodInfo.InternalInvoke(System.Reflection.RuntimeMethodInfo,object,object[],System.Exception&)
  at System.Reflection.RuntimeMethodInfo.Invoke (System.Object obj, System.Reflection.BindingFlags invokeAttr, System.Reflection.Binder binder, System.Object[] parameters, System.Globalization.CultureInfo culture) [0x0006a] in <3dd5df5ef4974f29afeb2d3ba227c5da>:0 
   --- End of inner exception stack trace ---
  at System.Reflection.RuntimeMethodInfo.Invoke (System.Object obj, System.Reflection.BindingFlags invokeAttr, System.Reflection.Binder binder, System.Object[] parameters, System.Globalization.CultureInfo culture) [0x00083] in <3dd5df5ef4974f29afeb2d3ba227c5da>:0 
  at System.Reflection.MethodBase.Invoke (System.Object obj, System.Object[] parameters) [0x00000] in <3dd5df5ef4974f29afeb2d3ba227c5da>:0 
  at UnityEditor.EditorAssemblies.ProcessInitializeOnLoadMethodAttributes () [0x000a5] in <70229d9c56924d7794599e8f1526153f>:0 
UnityEngine.StackTraceUtility:ExtractStackTrace ()
UnityEngine.DebugLogHandler:LogFormat (UnityEngine.LogType,UnityEngine.Object,string,object[])
UnityEngine.Logger:Log (UnityEngine.LogType,object)
UnityEngine.Debug:LogError (object)
UnityEditor.EditorAssemblies:ProcessInitializeOnLoadMethodAttributes ()

Mono: successfully reloaded assembly
[Package Manager] Server::EnsureServerProcessIsRunning -- launch failed, reason: Unity was launched with the -noUpm command-line argument
[Package Manager] UpmClient::Send -- Unable to send message (not connected to UPM process).
[Package Manager] Cannot connect to Unity Package Manager local server
[Package Manager] Server::EnsureServerProcessIsRunning -- launch failed, reason: Unity was launched with the -noUpm command-line argument
[Package Manager] UpmClient::Send -- Unable to send message (not connected to UPM process).
[Package Manager] Cannot connect to Unity Package Manager local server
- Completed reload, in  0.851 seconds
Domain Reload Profiling:
	ReloadAssembly (852ms)
		BeginReloadAssembly (72ms)
			ExecutionOrderSort (0ms)
			DisableScriptedObjects (3ms)
			BackupInstance (0ms)
			ReleaseScriptingObjects (0ms)
			CreateAndSetChildDomain (15ms)
		EndReloadAssembly (701ms)
			LoadAssemblies (53ms)
			RebuildTransferFunctionScriptingTraits (0ms)
			SetupTypeCache (199ms)
				TypeCache.Initialize (196ms)
					TypeCache.ScanAssembly (193ms)
				ResolveRequiredComponents (3ms)
			ReleaseScriptCaches (0ms)
			RebuildScriptCaches (41ms)
			SetupLoadedEditorAssemblies (367ms)
				LogAssemblyErrors (0ms)
				InitializePlatformSupportModulesInManaged (9ms)
				SetLoadedEditorAssemblies (4ms)
				RefreshPlugins (69ms)
				BeforeProcessingInitializeOnLoad (60ms)
				ProcessInitializeOnLoadAttributes (198ms)
				ProcessInitializeOnLoadMethodAttributes (24ms)
				AfterProcessingInitializeOnLoad (3ms)
				EditorAssembliesLoaded (0ms)
			ExecutionOrderSort2 (0ms)
			AwakeInstancesAfterBackupRestoration (3ms)
Platform modules already initialized, skipping
========================================================================
Worker process is ready to serve import requests
Launched and connected shader compiler UnityShaderCompiler.exe after 0.05 seconds
Refreshing native plugins compatible for Editor in 1.24 ms, found 11 plugins.
Preloading 1 native plugins for Editor in 0.09 ms.
Unloading 4430 Unused Serialized files (Serialized files now loaded: 0)
Unloading 49 unused Assets / (116.7 KB). Loaded Objects now: 4881.
Memory consumption went from 0.67 GB to 0.67 GB.
Total: 3.860700 ms (FindLiveObjects: 0.321600 ms CreateObjectMapping: 0.235900 ms MarkObjects: 3.167400 ms  DeleteObjects: 0.134500 ms)

AssetImportParameters requested are different than current active one (requested -> active):
  custom:video-decoder-ogg-theora: a1e56fd34408186e4bbccfd4996cb3dc -> 
  custom:container-muxer-webm: aa71ff27fc2769a1b78a27578f13a17b -> 
  custom:container-demuxer-webm: 4f35f7cbe854078d1ac9338744f61a02 -> 
  custom:video-encoder-webm-vp8: eb34c28f22e8b96e1ab97ce403110664 -> 
  custom:audio-encoder-webm-vorbis: bf7c407c2cedff20999df2af8eb42d56 -> 
  custom:framework-win-MediaFoundation: 216162199b28c13a410421893ffa2e32 -> 
  custom:container-demuxer-ogg: 62fdf1f143b41e24485cea50d1cbac27 -> 
  custom:video-decoder-webm-vp8: 9c59270c3fd7afecdb556c50c9e8de78 -> 
  custom:audio-decoder-ogg-vorbis: bf7c407c2cedff20999df2af8eb42d56 -> 
========================================================================
Received Import Request.
  Time since last request: 603802.996169 seconds.
  path: Assets/Jewel Pack/Prefabs/Gems - Purple Dark/gem_05.prefab
  artifactKey: Guid(7a6eef2c0d9134aae97127dd3d812d2f) Importer(815301076,1909f56bfc062723c751e8b465ee728b)
Start importing Assets/Jewel Pack/Prefabs/Gems - Purple Dark/gem_05.prefab using Guid(7a6eef2c0d9134aae97127dd3d812d2f) Importer(815301076,1909f56bfc062723c751e8b465ee728b)  -> (artifact id: '32addf60d317ad34c33a027d953a50bb') in 0.110140 seconds 
========================================================================
Received Import Request.
  Time since last request: 0.000023 seconds.
  path: Assets/Jewel Pack/Prefabs/Gems - Purple Dark/gem_17.prefab
  artifactKey: Guid(e070a5e7f5d5b45aeae0efa8411620d1) Importer(815301076,1909f56bfc062723c751e8b465ee728b)
Start importing Assets/Jewel Pack/Prefabs/Gems - Purple Dark/gem_17.prefab using Guid(e070a5e7f5d5b45aeae0efa8411620d1) Importer(815301076,1909f56bfc062723c751e8b465ee728b)  -> (artifact id: '98d83d1b14a51c1fadf416aed3b484dc') in 0.027123 seconds 
========================================================================
Received Import Request.
  Time since last request: 0.000032 seconds.
  path: Assets/Jewel Pack/Prefabs/Gems - Purple Dark/gem_10.prefab
  artifactKey: Guid(038eb1ba32a23407c94cc3d88aaf591b) Importer(815301076,1909f56bfc062723c751e8b465ee728b)
Start importing Assets/Jewel Pack/Prefabs/Gems - Purple Dark/gem_10.prefab using Guid(038eb1ba32a23407c94cc3d88aaf591b) Importer(815301076,1909f56bfc062723c751e8b465ee728b)  -> (artifact id: '27aa5c1d5be50ced72e3753738235d2c') in 0.025950 seconds 
========================================================================
Received Import Request.
  Time since last request: 13.544042 seconds.
  path: Assets/Jewel Pack/Prefabs/Gems - Crystal/gem_05.prefab
  artifactKey: Guid(3e3b52e5ce62b4739b0cbfd196ef2b50) Importer(815301076,1909f56bfc062723c751e8b465ee728b)
Start importing Assets/Jewel Pack/Prefabs/Gems - Crystal/gem_05.prefab using Guid(3e3b52e5ce62b4739b0cbfd196ef2b50) Importer(815301076,1909f56bfc062723c751e8b465ee728b)  -> (artifact id: '28a24b47231afbcf60eaae86e18c4793') in 0.029471 seconds 
========================================================================
Received Import Request.
  Time since last request: 0.000037 seconds.
  path: Assets/Jewel Pack/Prefabs/Gems - Crystal/gem_14.prefab
  artifactKey: Guid(288a6b24392d84240ab1fed6142a2fc5) Importer(815301076,1909f56bfc062723c751e8b465ee728b)
Start importing Assets/Jewel Pack/Prefabs/Gems - Crystal/gem_14.prefab using Guid(288a6b24392d84240ab1fed6142a2fc5) Importer(815301076,1909f56bfc062723c751e8b465ee728b)  -> (artifact id: '559e49978a8d9922ba89ecad9ac6a9a5') in 0.031237 seconds 
========================================================================
Received Import Request.
  Time since last request: 0.000031 seconds.
  path: Assets/Jewel Pack/Prefabs/Gems - Crystal/gem_10.prefab
  artifactKey: Guid(a75eaff126a5a412f93fa5779d3ff2a3) Importer(815301076,1909f56bfc062723c751e8b465ee728b)
Start importing Assets/Jewel Pack/Prefabs/Gems - Crystal/gem_10.prefab using Guid(a75eaff126a5a412f93fa5779d3ff2a3) Importer(815301076,1909f56bfc062723c751e8b465ee728b)  -> (artifact id: 'a430c34f8772cd866548f667ca72bedc') in 0.029357 seconds 
========================================================================
Received Import Request.
  Time since last request: 7.853625 seconds.
  path: Assets/Jewel Pack/Prefabs/Gems - Cyan/gem_05.prefab
  artifactKey: Guid(6f7aede789f2f42a6bc6ffc287552cc5) Importer(815301076,1909f56bfc062723c751e8b465ee728b)
Start importing Assets/Jewel Pack/Prefabs/Gems - Cyan/gem_05.prefab using Guid(6f7aede789f2f42a6bc6ffc287552cc5) Importer(815301076,1909f56bfc062723c751e8b465ee728b)  -> (artifact id: '4ab485fb0b7f23a6ebcc551d22cbc60c') in 0.032808 seconds 
========================================================================
Received Import Request.
  Time since last request: 0.000033 seconds.
  path: Assets/Jewel Pack/Prefabs/Gems - Cyan/gem_07.prefab
  artifactKey: Guid(c70065fccb82a41918ec8afb6f4eec11) Importer(815301076,1909f56bfc062723c751e8b465ee728b)
Start importing Assets/Jewel Pack/Prefabs/Gems - Cyan/gem_07.prefab using Guid(c70065fccb82a41918ec8afb6f4eec11) Importer(815301076,1909f56bfc062723c751e8b465ee728b)  -> (artifact id: '08f1dba14b379ee2a69010d840bfdf60') in 0.032044 seconds 
========================================================================
Received Import Request.
  Time since last request: 0.000027 seconds.
  path: Assets/Jewel Pack/Prefabs/Gems - Cyan/gem_06.prefab
  artifactKey: Guid(6d52716c0c8fc4ed099e214c31427c33) Importer(815301076,1909f56bfc062723c751e8b465ee728b)
Start importing Assets/Jewel Pack/Prefabs/Gems - Cyan/gem_06.prefab using Guid(6d52716c0c8fc4ed099e214c31427c33) Importer(815301076,1909f56bfc062723c751e8b465ee728b)  -> (artifact id: '2502e13f1278ee10de2b9cad43765c80') in 0.025150 seconds 
========================================================================
Received Import Request.
  Time since last request: 1.794809 seconds.
  path: Assets/Jewel Pack/Prefabs/Gems - Yellow/gem_05.prefab
  artifactKey: Guid(e2b8281ba1531457784491e4bb343778) Importer(815301076,1909f56bfc062723c751e8b465ee728b)
Start importing Assets/Jewel Pack/Prefabs/Gems - Yellow/gem_05.prefab using Guid(e2b8281ba1531457784491e4bb343778) Importer(815301076,1909f56bfc062723c751e8b465ee728b)  -> (artifact id: 'b850e235626ac13355d2b9895793b0ae') in 0.032325 seconds 
========================================================================
Received Import Request.
  Time since last request: 0.000032 seconds.
  path: Assets/Jewel Pack/Prefabs/Gems - Yellow/gem_17.prefab
  artifactKey: Guid(fc3aea0dcdb7f4c409dc76318147307e) Importer(815301076,1909f56bfc062723c751e8b465ee728b)
Start importing Assets/Jewel Pack/Prefabs/Gems - Yellow/gem_17.prefab using Guid(fc3aea0dcdb7f4c409dc76318147307e) Importer(815301076,1909f56bfc062723c751e8b465ee728b)  -> (artifact id: '37540ccebd150e97b55f1e46fb88d18e') in 0.027709 seconds 
========================================================================
Received Import Request.
  Time since last request: 0.000030 seconds.
  path: Assets/Jewel Pack/Prefabs/Gems - Yellow/gem_11.prefab
  artifactKey: Guid(42bc3375af2ee485fadf06a3cd3f0785) Importer(815301076,1909f56bfc062723c751e8b465ee728b)
Start importing Assets/Jewel Pack/Prefabs/Gems - Yellow/gem_11.prefab using Guid(42bc3375af2ee485fadf06a3cd3f0785) Importer(815301076,1909f56bfc062723c751e8b465ee728b)  -> (artifact id: 'c667194053ea6a9f2c79da477c642163') in 0.028562 seconds 
========================================================================
Received Import Request.
  Time since last request: 0.725446 seconds.
  path: Assets/Jewel Pack/Prefabs/Gems - Rose/gem_05.prefab
  artifactKey: Guid(b45c68efe52634d158b9f6f5a7416196) Importer(815301076,1909f56bfc062723c751e8b465ee728b)
Start importing Assets/Jewel Pack/Prefabs/Gems - Rose/gem_05.prefab using Guid(b45c68efe52634d158b9f6f5a7416196) Importer(815301076,1909f56bfc062723c751e8b465ee728b)  -> (artifact id: '880811992c71b54d8239845e1a15af68') in 0.030677 seconds 
========================================================================
Received Import Request.
  Time since last request: 0.000025 seconds.
  path: Assets/Jewel Pack/Prefabs/Gems - Rose/gem_08.prefab
  artifactKey: Guid(f7ec49a5fefa84b28863b4d03e548eae) Importer(815301076,1909f56bfc062723c751e8b465ee728b)
Start importing Assets/Jewel Pack/Prefabs/Gems - Rose/gem_08.prefab using Guid(f7ec49a5fefa84b28863b4d03e548eae) Importer(815301076,1909f56bfc062723c751e8b465ee728b)  -> (artifact id: '817877cdb43d57362e9c9ddde7efd020') in 0.027880 seconds 
========================================================================
Received Import Request.
  Time since last request: 0.000022 seconds.
  path: Assets/Jewel Pack/Prefabs/Gems - Rose/gem_16.prefab
  artifactKey: Guid(a088496fb4655416096e690a250a2d2e) Importer(815301076,1909f56bfc062723c751e8b465ee728b)
Start importing Assets/Jewel Pack/Prefabs/Gems - Rose/gem_16.prefab using Guid(a088496fb4655416096e690a250a2d2e) Importer(815301076,1909f56bfc062723c751e8b465ee728b)  -> (artifact id: '6ee1e176b7611990abc340ff05ed921b') in 0.027498 seconds 
========================================================================
Received Import Request.
  Time since last request: 0.997232 seconds.
  path: Assets/Jewel Pack/Prefabs/Gems - Red/gem_05.prefab
  artifactKey: Guid(86854b4af1632486587f7309187a3798) Importer(815301076,1909f56bfc062723c751e8b465ee728b)
Start importing Assets/Jewel Pack/Prefabs/Gems - Red/gem_05.prefab using Guid(86854b4af1632486587f7309187a3798) Importer(815301076,1909f56bfc062723c751e8b465ee728b)  -> (artifact id: '621fb396d3b6aabaaacc3c4f72f6e9fe') in 0.027189 seconds 
========================================================================
Received Import Request.
  Time since last request: 0.000038 seconds.
  path: Assets/Jewel Pack/Prefabs/Gems - Red/gem_12.prefab
  artifactKey: Guid(7b1074fc17636495ab9525934fd57e9c) Importer(815301076,1909f56bfc062723c751e8b465ee728b)
Start importing Assets/Jewel Pack/Prefabs/Gems - Red/gem_12.prefab using Guid(7b1074fc17636495ab9525934fd57e9c) Importer(815301076,1909f56bfc062723c751e8b465ee728b)  -> (artifact id: '106b092e573b42af4762ca72dd93ada4') in 0.028391 seconds 
========================================================================
Received Import Request.
  Time since last request: 0.000023 seconds.
  path: Assets/Jewel Pack/Prefabs/Gems - Red/gem_16.prefab
  artifactKey: Guid(3a6cd70afe3994b029620c71204033a4) Importer(815301076,1909f56bfc062723c751e8b465ee728b)
Start importing Assets/Jewel Pack/Prefabs/Gems - Red/gem_16.prefab using Guid(3a6cd70afe3994b029620c71204033a4) Importer(815301076,1909f56bfc062723c751e8b465ee728b)  -> (artifact id: '8135d52082688288d3a229f53989ead4') in 0.026836 seconds 
========================================================================
Received Import Request.
  Time since last request: 0.000025 seconds.
  path: Assets/Jewel Pack/Prefabs/Gems - Red/gem_10.prefab
  artifactKey: Guid(5d3b070e9f8004a7cadc01b0fd81ed35) Importer(815301076,1909f56bfc062723c751e8b465ee728b)
Start importing Assets/Jewel Pack/Prefabs/Gems - Red/gem_10.prefab using Guid(5d3b070e9f8004a7cadc01b0fd81ed35) Importer(815301076,1909f56bfc062723c751e8b465ee728b)  -> (artifact id: '4aaa74f32dd0ccea06c256ff59a70435') in 0.026405 seconds 
========================================================================
Received Import Request.
  Time since last request: 332.435245 seconds.
  path: Assets/Jewel Pack/Prefabs/Gems - Blue/gem_02.prefab
  artifactKey: Guid(0debf751836fe4f90902106393f2d6e8) Importer(815301076,1909f56bfc062723c751e8b465ee728b)
Start importing Assets/Jewel Pack/Prefabs/Gems - Blue/gem_02.prefab using Guid(0debf751836fe4f90902106393f2d6e8) Importer(815301076,1909f56bfc062723c751e8b465ee728b)  -> (artifact id: 'bb9d8c33a5567c31a8135171b68a3577') in 0.032108 seconds 
========================================================================
Received Import Request.
  Time since last request: 0.000024 seconds.
  path: Assets/Jewel Pack/Prefabs/Gems - Blue/gem_13.prefab
  artifactKey: Guid(7f3ce97fcc2b44479877e7e46f36ce1e) Importer(815301076,1909f56bfc062723c751e8b465ee728b)
Start importing Assets/Jewel Pack/Prefabs/Gems - Blue/gem_13.prefab using Guid(7f3ce97fcc2b44479877e7e46f36ce1e) Importer(815301076,1909f56bfc062723c751e8b465ee728b)  -> (artifact id: 'fb1aeaea9e35755ba0c7d3b14db90960') in 0.028375 seconds 
========================================================================
Received Import Request.
  Time since last request: 0.000022 seconds.
  path: Assets/Jewel Pack/Prefabs/Gems - Blue/gem_15.prefab
  artifactKey: Guid(93adac3913a044eeeb245bb064c4bbc4) Importer(815301076,1909f56bfc062723c751e8b465ee728b)
Start importing Assets/Jewel Pack/Prefabs/Gems - Blue/gem_15.prefab using Guid(93adac3913a044eeeb245bb064c4bbc4) Importer(815301076,1909f56bfc062723c751e8b465ee728b)  -> (artifact id: 'ca55aad3ac041fa32681c585d0b27e5b') in 0.022924 seconds 
========================================================================
Received Import Request.
  Time since last request: 0.000026 seconds.
  path: Assets/Jewel Pack/Prefabs/Gems - Blue/gem_17.prefab
  artifactKey: Guid(0452e9865fd3e49518f9d1b77790e134) Importer(815301076,1909f56bfc062723c751e8b465ee728b)
Start importing Assets/Jewel Pack/Prefabs/Gems - Blue/gem_17.prefab using Guid(0452e9865fd3e49518f9d1b77790e134) Importer(815301076,1909f56bfc062723c751e8b465ee728b)  -> (artifact id: 'c5ecd6572e16de63b368452296d4748f') in 0.026222 seconds 
========================================================================
Received Import Request.
  Time since last request: 0.000031 seconds.
  path: Assets/Jewel Pack/Prefabs/Gems - Blue/gem_14.prefab
  artifactKey: Guid(0e2212078f3fe4e5f90dee2a583bee08) Importer(815301076,1909f56bfc062723c751e8b465ee728b)
Start importing Assets/Jewel Pack/Prefabs/Gems - Blue/gem_14.prefab using Guid(0e2212078f3fe4e5f90dee2a583bee08) Importer(815301076,1909f56bfc062723c751e8b465ee728b)  -> (artifact id: '5bcb09fc7b217ac11d53292c4a0ed0a4') in 0.023927 seconds 
========================================================================
Received Import Request.
  Time since last request: 0.000019 seconds.
  path: Assets/Jewel Pack/Prefabs/Gems - Blue/gem_04.prefab
  artifactKey: Guid(a00c5ccd9e6f74425bcc1ced4e3c7799) Importer(815301076,1909f56bfc062723c751e8b465ee728b)
Start importing Assets/Jewel Pack/Prefabs/Gems - Blue/gem_04.prefab using Guid(a00c5ccd9e6f74425bcc1ced4e3c7799) Importer(815301076,1909f56bfc062723c751e8b465ee728b)  -> (artifact id: '6d0fac4ff2f47f16896cd9f4fe9fb0e5') in 0.021606 seconds 
========================================================================
Received Import Request.
  Time since last request: 0.000019 seconds.
  path: Assets/Jewel Pack/Prefabs/Gems - Blue/gem_08.prefab
  artifactKey: Guid(fba86566244f643ce94d8d0c62a64300) Importer(815301076,1909f56bfc062723c751e8b465ee728b)
Start importing Assets/Jewel Pack/Prefabs/Gems - Blue/gem_08.prefab using Guid(fba86566244f643ce94d8d0c62a64300) Importer(815301076,1909f56bfc062723c751e8b465ee728b)  -> (artifact id: '0c447bbbf809de51b0df2a4c8ed5b81f') in 0.023363 seconds 
========================================================================
Received Import Request.
  Time since last request: 0.000022 seconds.
  path: Assets/Jewel Pack/Prefabs/Gems - Blue/gem_10.prefab
  artifactKey: Guid(3f200bf74d7bd422e9b1d2f9f63a64f5) Importer(815301076,1909f56bfc062723c751e8b465ee728b)
Start importing Assets/Jewel Pack/Prefabs/Gems - Blue/gem_10.prefab using Guid(3f200bf74d7bd422e9b1d2f9f63a64f5) Importer(815301076,1909f56bfc062723c751e8b465ee728b)  -> (artifact id: '9b165c683340d8b9f044bbe8e61346ee') in 0.021601 seconds 
========================================================================
Received Import Request.
  Time since last request: 0.000021 seconds.
  path: Assets/Jewel Pack/Prefabs/Gems - Blue/gem_07.prefab
  artifactKey: Guid(6334a3f7ca82543839609f106b01f331) Importer(815301076,1909f56bfc062723c751e8b465ee728b)
Start importing Assets/Jewel Pack/Prefabs/Gems - Blue/gem_07.prefab using Guid(6334a3f7ca82543839609f106b01f331) Importer(815301076,1909f56bfc062723c751e8b465ee728b)  -> (artifact id: '8bb3583b7d8b813a982614b2bc3ead4d') in 0.020600 seconds 
========================================================================
Received Import Request.
  Time since last request: 1.967468 seconds.
  path: Assets/Jewel Pack/Prefabs/Gems - Green/gem_02.prefab
  artifactKey: Guid(4c4afc0bec6634b3494d16d79899f5e2) Importer(815301076,1909f56bfc062723c751e8b465ee728b)
Start importing Assets/Jewel Pack/Prefabs/Gems - Green/gem_02.prefab using Guid(4c4afc0bec6634b3494d16d79899f5e2) Importer(815301076,1909f56bfc062723c751e8b465ee728b)  -> (artifact id: '078972b1f7ce2c84336b5e373e6433e4') in 0.020268 seconds 
========================================================================
Received Import Request.
  Time since last request: 0.000017 seconds.
  path: Assets/Jewel Pack/Prefabs/Gems - Green/gem_10.prefab
  artifactKey: Guid(0617407bb41ab4b5ab29067dcffb6b9e) Importer(815301076,1909f56bfc062723c751e8b465ee728b)
Start importing Assets/Jewel Pack/Prefabs/Gems - Green/gem_10.prefab using Guid(0617407bb41ab4b5ab29067dcffb6b9e) Importer(815301076,1909f56bfc062723c751e8b465ee728b)  -> (artifact id: '1492ef6c00cc6c06b5aefd1c6390382f') in 0.023336 seconds 
========================================================================
Received Import Request.
  Time since last request: 0.000018 seconds.
  path: Assets/Jewel Pack/Prefabs/Gems - Green/gem_07.prefab
  artifactKey: Guid(8b6db5c6ce5dc4ec3bc7eba2238d1761) Importer(815301076,1909f56bfc062723c751e8b465ee728b)
Start importing Assets/Jewel Pack/Prefabs/Gems - Green/gem_07.prefab using Guid(8b6db5c6ce5dc4ec3bc7eba2238d1761) Importer(815301076,1909f56bfc062723c751e8b465ee728b)  -> (artifact id: '5f2cf0a38a05232764ea9dcbed7d6d57') in 0.029716 seconds 
========================================================================
Received Import Request.
  Time since last request: 0.000017 seconds.
  path: Assets/Jewel Pack/Prefabs/Gems - Green/gem_15.prefab
  artifactKey: Guid(df36a8ea4f107484793dd470849a29b5) Importer(815301076,1909f56bfc062723c751e8b465ee728b)
Start importing Assets/Jewel Pack/Prefabs/Gems - Green/gem_15.prefab using Guid(df36a8ea4f107484793dd470849a29b5) Importer(815301076,1909f56bfc062723c751e8b465ee728b)  -> (artifact id: '30c6d718dc6dbb1ce338baf42d7210e4') in 0.023003 seconds 
========================================================================
Received Import Request.
  Time since last request: 0.000021 seconds.
  path: Assets/Jewel Pack/Prefabs/Gems - Green/gem_16.prefab
  artifactKey: Guid(06bfdc4499737419aae4ec7eaece6e56) Importer(815301076,1909f56bfc062723c751e8b465ee728b)
Start importing Assets/Jewel Pack/Prefabs/Gems - Green/gem_16.prefab using Guid(06bfdc4499737419aae4ec7eaece6e56) Importer(815301076,1909f56bfc062723c751e8b465ee728b)  -> (artifact id: '06a1120ede522d8da226b4d17bf81343') in 0.025230 seconds 
========================================================================
Received Import Request.
  Time since last request: 0.000025 seconds.
  path: Assets/Jewel Pack/Prefabs/Gems - Green/gem_11.prefab
  artifactKey: Guid(a310f0ef2b490421f9051414ede21953) Importer(815301076,1909f56bfc062723c751e8b465ee728b)
Start importing Assets/Jewel Pack/Prefabs/Gems - Green/gem_11.prefab using Guid(a310f0ef2b490421f9051414ede21953) Importer(815301076,1909f56bfc062723c751e8b465ee728b)  -> (artifact id: '93da805a8891911f38a0330317d9eff9') in 0.024723 seconds 
========================================================================
Received Import Request.
  Time since last request: 0.000020 seconds.
  path: Assets/Jewel Pack/Prefabs/Gems - Green/gem_17.prefab
  artifactKey: Guid(72fa16aaa8a224145812b5aa62236f16) Importer(815301076,1909f56bfc062723c751e8b465ee728b)
Start importing Assets/Jewel Pack/Prefabs/Gems - Green/gem_17.prefab using Guid(72fa16aaa8a224145812b5aa62236f16) Importer(815301076,1909f56bfc062723c751e8b465ee728b)  -> (artifact id: '79982ebde950dfaee09243a3b06c7f66') in 0.027869 seconds 
========================================================================
Received Import Request.
  Time since last request: 0.000021 seconds.
  path: Assets/Jewel Pack/Prefabs/Gems - Green/gem_13.prefab
  artifactKey: Guid(a554db6cb519d450d8e26232783b48eb) Importer(815301076,1909f56bfc062723c751e8b465ee728b)
Start importing Assets/Jewel Pack/Prefabs/Gems - Green/gem_13.prefab using Guid(a554db6cb519d450d8e26232783b48eb) Importer(815301076,1909f56bfc062723c751e8b465ee728b)  -> (artifact id: 'bab40fd36f528857b0ef303d08ac0e31') in 0.026395 seconds 
========================================================================
Received Import Request.
  Time since last request: 0.000022 seconds.
  path: Assets/Jewel Pack/Prefabs/Gems - Green/gem_06.prefab
  artifactKey: Guid(d1f91377a536f44398ad89f1eceb5ddb) Importer(815301076,1909f56bfc062723c751e8b465ee728b)
Start importing Assets/Jewel Pack/Prefabs/Gems - Green/gem_06.prefab using Guid(d1f91377a536f44398ad89f1eceb5ddb) Importer(815301076,1909f56bfc062723c751e8b465ee728b)  -> (artifact id: '807f6f78656d0329ae5d30f4e157247e') in 0.024500 seconds 
========================================================================
Received Import Request.
  Time since last request: 32.682570 seconds.
  path: Assets/Jewel Pack/Prefabs/Gems - Purple/gem_05.prefab
  artifactKey: Guid(156b55a5936134c00ae0e47553cc06de) Importer(815301076,1909f56bfc062723c751e8b465ee728b)
Start importing Assets/Jewel Pack/Prefabs/Gems - Purple/gem_05.prefab using Guid(156b55a5936134c00ae0e47553cc06de) Importer(815301076,1909f56bfc062723c751e8b465ee728b)  -> (artifact id: '170e22366c254e5e57ea60317f7fd315') in 0.022035 seconds 
========================================================================
Received Import Request.
  Time since last request: 0.000019 seconds.
  path: Assets/Jewel Pack/Prefabs/Gems - Purple/gem_09.prefab
  artifactKey: Guid(e855c3aabf223486eb061cd562fd69fc) Importer(815301076,1909f56bfc062723c751e8b465ee728b)
Start importing Assets/Jewel Pack/Prefabs/Gems - Purple/gem_09.prefab using Guid(e855c3aabf223486eb061cd562fd69fc) Importer(815301076,1909f56bfc062723c751e8b465ee728b)  -> (artifact id: '014a732aa835373bd9cd577d759939c3') in 0.026932 seconds 
========================================================================
Received Import Request.
  Time since last request: 0.000022 seconds.
  path: Assets/Jewel Pack/Prefabs/Gems - Purple/gem_07.prefab
  artifactKey: Guid(3468aaf93e40c4920924867f04931a46) Importer(815301076,1909f56bfc062723c751e8b465ee728b)
Start importing Assets/Jewel Pack/Prefabs/Gems - Purple/gem_07.prefab using Guid(3468aaf93e40c4920924867f04931a46) Importer(815301076,1909f56bfc062723c751e8b465ee728b)  -> (artifact id: '725e4c08c9000c92b50648bc552ffa82') in 0.027665 seconds 
========================================================================
Received Import Request.
  Time since last request: 0.000053 seconds.
  path: Assets/Jewel Pack/Prefabs/Gems - Purple/gem_06.prefab
  artifactKey: Guid(92bb3f5df79c34123bd754a75e1a4cb2) Importer(815301076,1909f56bfc062723c751e8b465ee728b)
Start importing Assets/Jewel Pack/Prefabs/Gems - Purple/gem_06.prefab using Guid(92bb3f5df79c34123bd754a75e1a4cb2) Importer(815301076,1909f56bfc062723c751e8b465ee728b)  -> (artifact id: '8a1fda14a206d00089b13384956e2863') in 0.024262 seconds 
========================================================================
Received Import Request.
  Time since last request: 0.000024 seconds.
  path: Assets/Jewel Pack/Prefabs/Gems - Purple/gem_12.prefab
  artifactKey: Guid(5762d226d1f4e49888d2736ef6420278) Importer(815301076,1909f56bfc062723c751e8b465ee728b)
Start importing Assets/Jewel Pack/Prefabs/Gems - Purple/gem_12.prefab using Guid(5762d226d1f4e49888d2736ef6420278) Importer(815301076,1909f56bfc062723c751e8b465ee728b)  -> (artifact id: '07fb3d339932f2df28b0e174155da432') in 0.027124 seconds 
Editor requested this worker to shutdown with reason: Scaling down because of idle timeout
AssetImportWorker is now disconnected from the server
Process exiting
Exiting without the bug reporter. Application will terminate with return code 0