Using pre-set license
Built from '2022.1/staging' branch; Version is '2022.1.22f1 (6b6e9fc2adda) revision 7040671'; Using compiler version '192829333'; Build Type 'Release'
OS: 'Windows 11  (10.0.22621) 64bit Core' Language: 'en' Physical Memory: 16085 MB
BatchMode: 1, IsHumanControllingUs: 0, StartBugReporterOnCrash: 0, Is64bit: 1, IsPro: 1

COMMAND LINE ARGUMENTS:
C:\Program Files\Unity\Hub\Editor\2022.1.22f1\Editor\Unity.exe
-adb2
-batchMode
-noUpm
-name
AssetImportWorker19
-projectPath
C:/Users/ajhor/Documents/GitHub/LockedIN
-logFile
Logs/AssetImportWorker19.log
-srvPort
53226
Successfully changed project path to: C:/Users/ajhor/Documents/GitHub/LockedIN
C:/Users/ajhor/Documents/GitHub/LockedIN
[UnityMemory] Configuration Parameters - Can be set up in boot.config
    "memorysetup-bucket-allocator-granularity=16"
    "memorysetup-bucket-allocator-bucket-count=8"
    "memorysetup-bucket-allocator-block-size=33554432"
    "memorysetup-bucket-allocator-block-count=8"
    "memorysetup-main-allocator-block-size=16777216"
    "memorysetup-thread-allocator-block-size=16777216"
    "memorysetup-gfx-main-allocator-block-size=16777216"
    "memorysetup-gfx-thread-allocator-block-size=16777216"
    "memorysetup-cache-allocator-block-size=4194304"
    "memorysetup-typetree-allocator-block-size=2097152"
    "memorysetup-profiler-bucket-allocator-granularity=16"
    "memorysetup-profiler-bucket-allocator-bucket-count=8"
    "memorysetup-profiler-bucket-allocator-block-size=33554432"
    "memorysetup-profiler-bucket-allocator-block-count=8"
    "memorysetup-profiler-allocator-block-size=16777216"
    "memorysetup-profiler-editor-allocator-block-size=1048576"
    "memorysetup-temp-allocator-size-main=16777216"
    "memorysetup-job-temp-allocator-block-size=2097152"
    "memorysetup-job-temp-allocator-block-size-background=1048576"
    "memorysetup-job-temp-allocator-reduction-small-platforms=262144"
    "memorysetup-temp-allocator-size-background-worker=32768"
    "memorysetup-temp-allocator-size-job-worker=262144"
    "memorysetup-temp-allocator-size-preload-manager=33554432"
    "memorysetup-temp-allocator-size-nav-mesh-worker=65536"
    "memorysetup-temp-allocator-size-audio-worker=65536"
    "memorysetup-temp-allocator-size-cloud-worker=32768"
    "memorysetup-temp-allocator-size-gi-baking-worker=262144"
    "memorysetup-temp-allocator-size-gfx=262144"
Refreshing native plugins compatible for Editor in 103.72 ms, found 11 plugins.
Preloading 1 native plugins for Editor in 0.59 ms.
Initialize engine version: 2022.1.22f1 (6b6e9fc2adda)
[Subsystems] Discovering subsystems at path C:/Program Files/Unity/Hub/Editor/2022.1.22f1/Editor/Data/Resources/UnitySubsystems
[Subsystems] Discovering subsystems at path C:/Users/ajhor/Documents/GitHub/LockedIN/Assets
GfxDevice: creating device client; threaded=0; jobified=0
Direct3D:
    Version:  Direct3D 11.0 [level 11.1]
    Renderer: NVIDIA GeForce RTX 3070 Ti Laptop GPU (ID=0x24a0)
    Vendor:   NVIDIA
    VRAM:     8032 MB
    Driver:   31.0.15.2901
Initialize mono
Mono path[0] = 'C:/Program Files/Unity/Hub/Editor/2022.1.22f1/Editor/Data/Managed'
Mono path[1] = 'C:/Program Files/Unity/Hub/Editor/2022.1.22f1/Editor/Data/MonoBleedingEdge/lib/mono/unityjit-win32'
Mono config path = 'C:/Program Files/Unity/Hub/Editor/2022.1.22f1/Editor/Data/MonoBleedingEdge/etc'
Using monoOptions --debugger-agent=transport=dt_socket,embedding=1,server=y,suspend=n,address=127.0.0.1:56548
Begin MonoManager ReloadAssembly
Registering precompiled unity dll's ...
Register platform support module: C:/Program Files/Unity/Hub/Editor/2022.1.22f1/Editor/Data/PlaybackEngines/WebGLSupport/UnityEditor.WebGL.Extensions.dll
Register platform support module: C:/Program Files/Unity/Hub/Editor/2022.1.22f1/Editor/Data/PlaybackEngines/AndroidPlayer/UnityEditor.Android.Extensions.dll
Register platform support module: C:/Program Files/Unity/Hub/Editor/2022.1.22f1/Editor/Data/PlaybackEngines/WindowsStandaloneSupport/UnityEditor.WindowsStandalone.Extensions.dll
Registered in 0.003307 seconds.
Native extension for WindowsStandalone target not found
Native extension for Android target not found
Native extension for WebGL target not found
Refreshing native plugins compatible for Editor in 69.52 ms, found 11 plugins.
Preloading 1 native plugins for Editor in 0.20 ms.
Mono: successfully reloaded assembly
- Completed reload, in  0.461 seconds
Domain Reload Profiling:
	ReloadAssembly (461ms)
		BeginReloadAssembly (47ms)
			ExecutionOrderSort (0ms)
			DisableScriptedObjects (0ms)
			BackupInstance (0ms)
			ReleaseScriptingObjects (0ms)
			CreateAndSetChildDomain (0ms)
		EndReloadAssembly (344ms)
			LoadAssemblies (46ms)
			RebuildTransferFunctionScriptingTraits (0ms)
			SetupTypeCache (80ms)
				TypeCache.Initialize (80ms)
					TypeCache.ScanAssembly (79ms)
				ResolveRequiredComponents (0ms)
			ReleaseScriptCaches (0ms)
			RebuildScriptCaches (17ms)
			SetupLoadedEditorAssemblies (209ms)
				LogAssemblyErrors (0ms)
				InitializePlatformSupportModulesInManaged (39ms)
				SetLoadedEditorAssemblies (6ms)
				RefreshPlugins (70ms)
				BeforeProcessingInitializeOnLoad (1ms)
				ProcessInitializeOnLoadAttributes (66ms)
				ProcessInitializeOnLoadMethodAttributes (28ms)
				AfterProcessingInitializeOnLoad (0ms)
				EditorAssembliesLoaded (0ms)
			ExecutionOrderSort2 (0ms)
			AwakeInstancesAfterBackupRestoration (0ms)
Platform modules already initialized, skipping
Registering precompiled user dll's ...
Registered in 0.004792 seconds.
Android Extension - Scanning For ADB Devices 672 ms
Begin MonoManager ReloadAssembly
Symbol file LoadedFromMemory doesn't match image C:\Users\ajhor\Documents\GitHub\LockedIN\Library\PackageCache\com.unity.visualscripting@1.7.8\Editor\VisualScripting.Core\Dependencies\DotNetZip\Unity.VisualScripting.IonicZip.dll
Symbol file LoadedFromMemory doesn't match image C:\Users\ajhor\Documents\GitHub\LockedIN\Library\PackageCache\com.unity.visualscripting@1.7.8\Editor\VisualScripting.Core\Dependencies\YamlDotNet\Unity.VisualScripting.YamlDotNet.dll
Native extension for WindowsStandalone target not found
Native extension for Android target not found
Native extension for WebGL target not found
Refreshing native plugins compatible for Editor in 69.87 ms, found 11 plugins.
Preloading 1 native plugins for Editor in 0.05 ms.
Package Manager log level set to [2]
[Package Manager] Server::EnsureServerProcessIsRunning -- launch failed, reason: Unity was launched with the -noUpm command-line argument
[Package Manager] UpmClient::Send -- Unable to send message (not connected to UPM process).
[Package Manager] Cannot connect to Unity Package Manager local server
System.Reflection.TargetInvocationException: Exception has been thrown by the target of an invocation. ---> System.NullReferenceException: Object reference not set to an instance of an object
  at Unity.XR.Oculus.OculusLoader.AssetPathToAbsolutePath (System.String assetPath) [0x0003d] in C:\Users\ajhor\Documents\GitHub\LockedIN\Library\PackageCache\com.unity.xr.oculus@3.2.3\Runtime\OculusLoader.cs:296 
  at Unity.XR.Oculus.OculusLoader.EditorLoadOVRPlugin () [0x0007b] in C:\Users\ajhor\Documents\GitHub\LockedIN\Library\PackageCache\com.unity.xr.oculus@3.2.3\Runtime\OculusLoader.cs:281 
  at (wrapper managed-to-native) System.Reflection.RuntimeMethodInfo.InternalInvoke(System.Reflection.RuntimeMethodInfo,object,object[],System.Exception&)
  at System.Reflection.RuntimeMethodInfo.Invoke (System.Object obj, System.Reflection.BindingFlags invokeAttr, System.Reflection.Binder binder, System.Object[] parameters, System.Globalization.CultureInfo culture) [0x0006a] in <3dd5df5ef4974f29afeb2d3ba227c5da>:0 
   --- End of inner exception stack trace ---
  at System.Reflection.RuntimeMethodInfo.Invoke (System.Object obj, System.Reflection.BindingFlags invokeAttr, System.Reflection.Binder binder, System.Object[] parameters, System.Globalization.CultureInfo culture) [0x00083] in <3dd5df5ef4974f29afeb2d3ba227c5da>:0 
  at System.Reflection.MethodBase.Invoke (System.Object obj, System.Object[] parameters) [0x00000] in <3dd5df5ef4974f29afeb2d3ba227c5da>:0 
  at UnityEditor.EditorAssemblies.ProcessInitializeOnLoadMethodAttributes () [0x000a5] in <70229d9c56924d7794599e8f1526153f>:0 
UnityEngine.StackTraceUtility:ExtractStackTrace ()
UnityEngine.DebugLogHandler:LogFormat (UnityEngine.LogType,UnityEngine.Object,string,object[])
UnityEngine.Logger:Log (UnityEngine.LogType,object)
UnityEngine.Debug:LogError (object)
UnityEditor.EditorAssemblies:ProcessInitializeOnLoadMethodAttributes ()

Mono: successfully reloaded assembly
[Package Manager] Server::EnsureServerProcessIsRunning -- launch failed, reason: Unity was launched with the -noUpm command-line argument
[Package Manager] UpmClient::Send -- Unable to send message (not connected to UPM process).
[Package Manager] Cannot connect to Unity Package Manager local server
[Package Manager] Server::EnsureServerProcessIsRunning -- launch failed, reason: Unity was launched with the -noUpm command-line argument
[Package Manager] UpmClient::Send -- Unable to send message (not connected to UPM process).
[Package Manager] Cannot connect to Unity Package Manager local server
- Completed reload, in  0.861 seconds
Domain Reload Profiling:
	ReloadAssembly (861ms)
		BeginReloadAssembly (74ms)
			ExecutionOrderSort (0ms)
			DisableScriptedObjects (3ms)
			BackupInstance (0ms)
			ReleaseScriptingObjects (0ms)
			CreateAndSetChildDomain (15ms)
		EndReloadAssembly (711ms)
			LoadAssemblies (56ms)
			RebuildTransferFunctionScriptingTraits (0ms)
			SetupTypeCache (201ms)
				TypeCache.Initialize (198ms)
					TypeCache.ScanAssembly (194ms)
				ResolveRequiredComponents (3ms)
			ReleaseScriptCaches (0ms)
			RebuildScriptCaches (41ms)
			SetupLoadedEditorAssemblies (374ms)
				LogAssemblyErrors (0ms)
				InitializePlatformSupportModulesInManaged (9ms)
				SetLoadedEditorAssemblies (4ms)
				RefreshPlugins (70ms)
				BeforeProcessingInitializeOnLoad (61ms)
				ProcessInitializeOnLoadAttributes (203ms)
				ProcessInitializeOnLoadMethodAttributes (24ms)
				AfterProcessingInitializeOnLoad (3ms)
				EditorAssembliesLoaded (0ms)
			ExecutionOrderSort2 (0ms)
			AwakeInstancesAfterBackupRestoration (3ms)
Platform modules already initialized, skipping
========================================================================
Worker process is ready to serve import requests
Launched and connected shader compiler UnityShaderCompiler.exe after 0.04 seconds
Refreshing native plugins compatible for Editor in 1.19 ms, found 11 plugins.
Preloading 1 native plugins for Editor in 0.09 ms.
Unloading 4430 Unused Serialized files (Serialized files now loaded: 0)
Unloading 49 unused Assets / (116.7 KB). Loaded Objects now: 4881.
Memory consumption went from 0.67 GB to 0.67 GB.
Total: 4.262200 ms (FindLiveObjects: 0.352700 ms CreateObjectMapping: 0.286900 ms MarkObjects: 3.479200 ms  DeleteObjects: 0.141900 ms)

AssetImportParameters requested are different than current active one (requested -> active):
  custom:video-decoder-ogg-theora: a1e56fd34408186e4bbccfd4996cb3dc -> 
  custom:container-muxer-webm: aa71ff27fc2769a1b78a27578f13a17b -> 
  custom:container-demuxer-webm: 4f35f7cbe854078d1ac9338744f61a02 -> 
  custom:video-encoder-webm-vp8: eb34c28f22e8b96e1ab97ce403110664 -> 
  custom:audio-encoder-webm-vorbis: bf7c407c2cedff20999df2af8eb42d56 -> 
  custom:framework-win-MediaFoundation: 216162199b28c13a410421893ffa2e32 -> 
  custom:container-demuxer-ogg: 62fdf1f143b41e24485cea50d1cbac27 -> 
  custom:video-decoder-webm-vp8: 9c59270c3fd7afecdb556c50c9e8de78 -> 
  custom:audio-decoder-ogg-vorbis: bf7c407c2cedff20999df2af8eb42d56 -> 
========================================================================
Received Import Request.
  Time since last request: 603802.993785 seconds.
  path: Assets/Jewel Pack/Prefabs/Gems - Purple Dark/gem_03.prefab
  artifactKey: Guid(25e6b4dddf5c54119897d1b0ce902a53) Importer(815301076,1909f56bfc062723c751e8b465ee728b)
Start importing Assets/Jewel Pack/Prefabs/Gems - Purple Dark/gem_03.prefab using Guid(25e6b4dddf5c54119897d1b0ce902a53) Importer(815301076,1909f56bfc062723c751e8b465ee728b)  -> (artifact id: 'bda58f6569f20b0c8dbfef9df25d6d5a') in 0.125533 seconds 
========================================================================
Received Import Request.
  Time since last request: 0.000037 seconds.
  path: Assets/Jewel Pack/Prefabs/Gems - Purple Dark/gem_14.prefab
  artifactKey: Guid(41f8ab5613d4741e0bf8dd68b5ce5245) Importer(815301076,1909f56bfc062723c751e8b465ee728b)
Start importing Assets/Jewel Pack/Prefabs/Gems - Purple Dark/gem_14.prefab using Guid(41f8ab5613d4741e0bf8dd68b5ce5245) Importer(815301076,1909f56bfc062723c751e8b465ee728b)  -> (artifact id: '567e0f2e8896ebf0e0ce39001729b8a2') in 0.028066 seconds 
========================================================================
Received Import Request.
  Time since last request: 13.558495 seconds.
  path: Assets/Jewel Pack/Prefabs/Gems - Crystal/gem_03.prefab
  artifactKey: Guid(d335d163ad5894ad3b28fc579a9db510) Importer(815301076,1909f56bfc062723c751e8b465ee728b)
Start importing Assets/Jewel Pack/Prefabs/Gems - Crystal/gem_03.prefab using Guid(d335d163ad5894ad3b28fc579a9db510) Importer(815301076,1909f56bfc062723c751e8b465ee728b)  -> (artifact id: 'f4cdf6eb26a56f7544d4aa8f6c1c0e67') in 0.028444 seconds 
========================================================================
Received Import Request.
  Time since last request: 0.000016 seconds.
  path: Assets/Jewel Pack/Prefabs/Gems - Crystal/gem_09.prefab
  artifactKey: Guid(231437dfd2771496ba6d35859d3da69e) Importer(815301076,1909f56bfc062723c751e8b465ee728b)
Start importing Assets/Jewel Pack/Prefabs/Gems - Crystal/gem_09.prefab using Guid(231437dfd2771496ba6d35859d3da69e) Importer(815301076,1909f56bfc062723c751e8b465ee728b)  -> (artifact id: '2ec0fd29d97e2d9044487e9e01041790') in 0.032796 seconds 
========================================================================
Received Import Request.
  Time since last request: 0.000032 seconds.
  path: Assets/Jewel Pack/Prefabs/Gems - Crystal/gem_12.prefab
  artifactKey: Guid(b88cab82d7018461b90ad97d1f3cf254) Importer(815301076,1909f56bfc062723c751e8b465ee728b)
Start importing Assets/Jewel Pack/Prefabs/Gems - Crystal/gem_12.prefab using Guid(b88cab82d7018461b90ad97d1f3cf254) Importer(815301076,1909f56bfc062723c751e8b465ee728b)  -> (artifact id: 'b26b11e60fe70f3d3d6e93cfbc272d2c') in 0.025238 seconds 
========================================================================
Received Import Request.
  Time since last request: 7.859698 seconds.
  path: Assets/Jewel Pack/Prefabs/Gems - Cyan/gem_03.prefab
  artifactKey: Guid(79cba9b6785be44f997d5aa14513ace5) Importer(815301076,1909f56bfc062723c751e8b465ee728b)
Start importing Assets/Jewel Pack/Prefabs/Gems - Cyan/gem_03.prefab using Guid(79cba9b6785be44f997d5aa14513ace5) Importer(815301076,1909f56bfc062723c751e8b465ee728b)  -> (artifact id: '3d76088bd652ecfae7e8af0bcfb1ca82') in 0.024110 seconds 
========================================================================
Received Import Request.
  Time since last request: 0.000035 seconds.
  path: Assets/Jewel Pack/Prefabs/Gems - Cyan/gem_10.prefab
  artifactKey: Guid(d90392d22be6e4537bb1911ed5f96cb2) Importer(815301076,1909f56bfc062723c751e8b465ee728b)
Start importing Assets/Jewel Pack/Prefabs/Gems - Cyan/gem_10.prefab using Guid(d90392d22be6e4537bb1911ed5f96cb2) Importer(815301076,1909f56bfc062723c751e8b465ee728b)  -> (artifact id: 'd0affa07cc3d846c9f15163cad3b8eb9') in 0.030664 seconds 
========================================================================
Received Import Request.
  Time since last request: 0.000019 seconds.
  path: Assets/Jewel Pack/Prefabs/Gems - Cyan/gem_14.prefab
  artifactKey: Guid(99cd09ad17dcb413698abcb8fe2e6460) Importer(815301076,1909f56bfc062723c751e8b465ee728b)
Start importing Assets/Jewel Pack/Prefabs/Gems - Cyan/gem_14.prefab using Guid(99cd09ad17dcb413698abcb8fe2e6460) Importer(815301076,1909f56bfc062723c751e8b465ee728b)  -> (artifact id: '481c23588df0e06642d7910eeaa6e586') in 0.022916 seconds 
========================================================================
Received Import Request.
  Time since last request: 0.000024 seconds.
  path: Assets/Jewel Pack/Prefabs/Gems - Cyan/gem_13.prefab
  artifactKey: Guid(fc27abcbc044f4afda811448e7e49dee) Importer(815301076,1909f56bfc062723c751e8b465ee728b)
Start importing Assets/Jewel Pack/Prefabs/Gems - Cyan/gem_13.prefab using Guid(fc27abcbc044f4afda811448e7e49dee) Importer(815301076,1909f56bfc062723c751e8b465ee728b)  -> (artifact id: 'c3d991fa87bfbb55ba7f5ae2caaffc29') in 0.025192 seconds 
========================================================================
Received Import Request.
  Time since last request: 1.776809 seconds.
  path: Assets/Jewel Pack/Prefabs/Gems - Yellow/gem_03.prefab
  artifactKey: Guid(59594abea3025468780b7fa51aefc8bb) Importer(815301076,1909f56bfc062723c751e8b465ee728b)
Start importing Assets/Jewel Pack/Prefabs/Gems - Yellow/gem_03.prefab using Guid(59594abea3025468780b7fa51aefc8bb) Importer(815301076,1909f56bfc062723c751e8b465ee728b)  -> (artifact id: '31eebbb0ea8295004c8ccbfc6f90865a') in 0.030596 seconds 
========================================================================
Received Import Request.
  Time since last request: 0.000028 seconds.
  path: Assets/Jewel Pack/Prefabs/Gems - Yellow/gem_06.prefab
  artifactKey: Guid(4bec6aa81f487411cb47535d9529ef14) Importer(815301076,1909f56bfc062723c751e8b465ee728b)
Start importing Assets/Jewel Pack/Prefabs/Gems - Yellow/gem_06.prefab using Guid(4bec6aa81f487411cb47535d9529ef14) Importer(815301076,1909f56bfc062723c751e8b465ee728b)  -> (artifact id: 'd614b04e8547cd392633838e8a15f966') in 0.026531 seconds 
========================================================================
Received Import Request.
  Time since last request: 0.000021 seconds.
  path: Assets/Jewel Pack/Prefabs/Gems - Yellow/gem_15.prefab
  artifactKey: Guid(fa3469c29ecae4a8eb2788bd5fda7c4b) Importer(815301076,1909f56bfc062723c751e8b465ee728b)
Start importing Assets/Jewel Pack/Prefabs/Gems - Yellow/gem_15.prefab using Guid(fa3469c29ecae4a8eb2788bd5fda7c4b) Importer(815301076,1909f56bfc062723c751e8b465ee728b)  -> (artifact id: '174c96694c3c7318748597f1c41871b6') in 0.029748 seconds 
========================================================================
Received Import Request.
  Time since last request: 0.000029 seconds.
  path: Assets/Jewel Pack/Prefabs/Gems - Yellow/gem_07.prefab
  artifactKey: Guid(420a9f344d42442d498fa2669f5a745f) Importer(815301076,1909f56bfc062723c751e8b465ee728b)
Start importing Assets/Jewel Pack/Prefabs/Gems - Yellow/gem_07.prefab using Guid(420a9f344d42442d498fa2669f5a745f) Importer(815301076,1909f56bfc062723c751e8b465ee728b)  -> (artifact id: '0c225faa7fad92bd99ec8626f5028c46') in 0.022969 seconds 
========================================================================
Received Import Request.
  Time since last request: 0.701970 seconds.
  path: Assets/Jewel Pack/Prefabs/Gems - Rose/gem_03.prefab
  artifactKey: Guid(3a51ec676a16f4b679bfcb0082b13d5c) Importer(815301076,1909f56bfc062723c751e8b465ee728b)
Start importing Assets/Jewel Pack/Prefabs/Gems - Rose/gem_03.prefab using Guid(3a51ec676a16f4b679bfcb0082b13d5c) Importer(815301076,1909f56bfc062723c751e8b465ee728b)  -> (artifact id: '20ebd49daae20c4a0b2c5f460b2f2776') in 0.030118 seconds 
========================================================================
Received Import Request.
  Time since last request: 0.000020 seconds.
  path: Assets/Jewel Pack/Prefabs/Gems - Rose/gem_18.prefab
  artifactKey: Guid(3ab60a1b4a327467b8f7c62ade69068e) Importer(815301076,1909f56bfc062723c751e8b465ee728b)
Start importing Assets/Jewel Pack/Prefabs/Gems - Rose/gem_18.prefab using Guid(3ab60a1b4a327467b8f7c62ade69068e) Importer(815301076,1909f56bfc062723c751e8b465ee728b)  -> (artifact id: '3757a3b963ac633c20982958953d53ea') in 0.034601 seconds 
========================================================================
Received Import Request.
  Time since last request: 0.000042 seconds.
  path: Assets/Jewel Pack/Prefabs/Gems - Rose/gem_06.prefab
  artifactKey: Guid(fd9338e8b75d748c4a1cc067527ba7c8) Importer(815301076,1909f56bfc062723c751e8b465ee728b)
Start importing Assets/Jewel Pack/Prefabs/Gems - Rose/gem_06.prefab using Guid(fd9338e8b75d748c4a1cc067527ba7c8) Importer(815301076,1909f56bfc062723c751e8b465ee728b)  -> (artifact id: 'fdc1c063fe81294fdde78d947860c921') in 0.025664 seconds 
========================================================================
Received Import Request.
  Time since last request: 0.992811 seconds.
  path: Assets/Jewel Pack/Prefabs/Gems - Red/gem_03.prefab
  artifactKey: Guid(715a2cd91c2bf4451a7115ba41e3e0b8) Importer(815301076,1909f56bfc062723c751e8b465ee728b)
Start importing Assets/Jewel Pack/Prefabs/Gems - Red/gem_03.prefab using Guid(715a2cd91c2bf4451a7115ba41e3e0b8) Importer(815301076,1909f56bfc062723c751e8b465ee728b)  -> (artifact id: '12ef034cc76c1c8456d2e5ac0b511716') in 0.026702 seconds 
========================================================================
Received Import Request.
  Time since last request: 0.000021 seconds.
  path: Assets/Jewel Pack/Prefabs/Gems - Red/gem_17.prefab
  artifactKey: Guid(381c30b6d7bd64ac198546e129599840) Importer(815301076,1909f56bfc062723c751e8b465ee728b)
Start importing Assets/Jewel Pack/Prefabs/Gems - Red/gem_17.prefab using Guid(381c30b6d7bd64ac198546e129599840) Importer(815301076,1909f56bfc062723c751e8b465ee728b)  -> (artifact id: 'bcc1a854d361c2bb7c2174a30e979aa7') in 0.030044 seconds 
========================================================================
Received Import Request.
  Time since last request: 0.000022 seconds.
  path: Assets/Jewel Pack/Prefabs/Gems - Red/gem_13.prefab
  artifactKey: Guid(dcb8280982264441ea5cb8010109c9d9) Importer(815301076,1909f56bfc062723c751e8b465ee728b)
Start importing Assets/Jewel Pack/Prefabs/Gems - Red/gem_13.prefab using Guid(dcb8280982264441ea5cb8010109c9d9) Importer(815301076,1909f56bfc062723c751e8b465ee728b)  -> (artifact id: 'f89802423660d90336179c762d032829') in 0.028335 seconds 
========================================================================
Received Import Request.
  Time since last request: 0.000044 seconds.
  path: Assets/Jewel Pack/Prefabs/Gems - Red/gem_07.prefab
  artifactKey: Guid(1f2c2dd13a1b84ffca1b1123143ef366) Importer(815301076,1909f56bfc062723c751e8b465ee728b)
Start importing Assets/Jewel Pack/Prefabs/Gems - Red/gem_07.prefab using Guid(1f2c2dd13a1b84ffca1b1123143ef366) Importer(815301076,1909f56bfc062723c751e8b465ee728b)  -> (artifact id: 'f870d8c4244572dd7529a6a769d3abdd') in 0.026805 seconds 
========================================================================
Received Import Request.
  Time since last request: 332.434300 seconds.
  path: Assets/Jewel Pack/Prefabs/Gems - Blue/gem_01.prefab
  artifactKey: Guid(e2ddb8b460986445aaecb3880c7e2630) Importer(815301076,1909f56bfc062723c751e8b465ee728b)
Start importing Assets/Jewel Pack/Prefabs/Gems - Blue/gem_01.prefab using Guid(e2ddb8b460986445aaecb3880c7e2630) Importer(815301076,1909f56bfc062723c751e8b465ee728b)  -> (artifact id: '83a8667e91593747ebad2477558aea6f') in 0.032837 seconds 
========================================================================
Received Import Request.
  Time since last request: 0.000022 seconds.
  path: Assets/Jewel Pack/Prefabs/Gems - Blue/gem_09.prefab
  artifactKey: Guid(3a4bbcb92601e45c98e08f8e54caf526) Importer(815301076,1909f56bfc062723c751e8b465ee728b)
Start importing Assets/Jewel Pack/Prefabs/Gems - Blue/gem_09.prefab using Guid(3a4bbcb92601e45c98e08f8e54caf526) Importer(815301076,1909f56bfc062723c751e8b465ee728b)  -> (artifact id: 'e4d232b517e59308cea73c523e523fd1') in 0.032204 seconds 
========================================================================
Received Import Request.
  Time since last request: 0.000021 seconds.
  path: Assets/Jewel Pack/Prefabs/Gems - Blue/gem_03.prefab
  artifactKey: Guid(acc0841f66b6b42f4a683e5333da01a0) Importer(815301076,1909f56bfc062723c751e8b465ee728b)
Start importing Assets/Jewel Pack/Prefabs/Gems - Blue/gem_03.prefab using Guid(acc0841f66b6b42f4a683e5333da01a0) Importer(815301076,1909f56bfc062723c751e8b465ee728b)  -> (artifact id: 'e236e75a5942824513f8092f7f214224') in 0.027208 seconds 
========================================================================
Received Import Request.
  Time since last request: 0.000030 seconds.
  path: Assets/Jewel Pack/Prefabs/Gems - Blue/gem_05.prefab
  artifactKey: Guid(c2f075ce50385459c8aba6ba09ac5737) Importer(815301076,1909f56bfc062723c751e8b465ee728b)
Start importing Assets/Jewel Pack/Prefabs/Gems - Blue/gem_05.prefab using Guid(c2f075ce50385459c8aba6ba09ac5737) Importer(815301076,1909f56bfc062723c751e8b465ee728b)  -> (artifact id: 'eebee9f00cb6540b81618757a4658e9c') in 0.024332 seconds 
========================================================================
Received Import Request.
  Time since last request: 0.000021 seconds.
  path: Assets/Jewel Pack/Prefabs/Gems - Blue/gem_16.prefab
  artifactKey: Guid(241df458ac096470fbc5985302fd9709) Importer(815301076,1909f56bfc062723c751e8b465ee728b)
Start importing Assets/Jewel Pack/Prefabs/Gems - Blue/gem_16.prefab using Guid(241df458ac096470fbc5985302fd9709) Importer(815301076,1909f56bfc062723c751e8b465ee728b)  -> (artifact id: '7c0294d49467d397a9d686a69e29d5e0') in 0.023601 seconds 
========================================================================
Received Import Request.
  Time since last request: 0.000034 seconds.
  path: Assets/Jewel Pack/Prefabs/Gems - Blue/gem_18.prefab
  artifactKey: Guid(5e99f21c9480f476aa9d8968e2e50cea) Importer(815301076,1909f56bfc062723c751e8b465ee728b)
Start importing Assets/Jewel Pack/Prefabs/Gems - Blue/gem_18.prefab using Guid(5e99f21c9480f476aa9d8968e2e50cea) Importer(815301076,1909f56bfc062723c751e8b465ee728b)  -> (artifact id: '3d9532b2a5a1497828f3b1805e8b83b7') in 0.025539 seconds 
========================================================================
Received Import Request.
  Time since last request: 0.000018 seconds.
  path: Assets/Jewel Pack/Prefabs/Gems - Blue/gem_06.prefab
  artifactKey: Guid(5d8d0d23bc2224f2596290b98b42a302) Importer(815301076,1909f56bfc062723c751e8b465ee728b)
Start importing Assets/Jewel Pack/Prefabs/Gems - Blue/gem_06.prefab using Guid(5d8d0d23bc2224f2596290b98b42a302) Importer(815301076,1909f56bfc062723c751e8b465ee728b)  -> (artifact id: '50e7a199b179e78550aa6256f800a344') in 0.021342 seconds 
========================================================================
Received Import Request.
  Time since last request: 0.000019 seconds.
  path: Assets/Jewel Pack/Prefabs/Gems - Blue/gem_11.prefab
  artifactKey: Guid(7f2010831db054be8983284f093c1fdf) Importer(815301076,1909f56bfc062723c751e8b465ee728b)
Start importing Assets/Jewel Pack/Prefabs/Gems - Blue/gem_11.prefab using Guid(7f2010831db054be8983284f093c1fdf) Importer(815301076,1909f56bfc062723c751e8b465ee728b)  -> (artifact id: '46c3f8f30d31f331bc364dd846081f7d') in 0.022249 seconds 
========================================================================
Received Import Request.
  Time since last request: 0.000023 seconds.
  path: Assets/Jewel Pack/Prefabs/Gems - Blue/gem_12.prefab
  artifactKey: Guid(441f61e7c4d364a2bbebb81309346cd4) Importer(815301076,1909f56bfc062723c751e8b465ee728b)
Start importing Assets/Jewel Pack/Prefabs/Gems - Blue/gem_12.prefab using Guid(441f61e7c4d364a2bbebb81309346cd4) Importer(815301076,1909f56bfc062723c751e8b465ee728b)  -> (artifact id: '5a34f79f4f7dfd5d50491fc6fb507695') in 0.023802 seconds 
========================================================================
Received Import Request.
  Time since last request: 1.953990 seconds.
  path: Assets/Jewel Pack/Prefabs/Gems - Green/gem_01.prefab
  artifactKey: Guid(1a1bc33edb24341b18ff1595d90cd027) Importer(815301076,1909f56bfc062723c751e8b465ee728b)
Start importing Assets/Jewel Pack/Prefabs/Gems - Green/gem_01.prefab using Guid(1a1bc33edb24341b18ff1595d90cd027) Importer(815301076,1909f56bfc062723c751e8b465ee728b)  -> (artifact id: '0989555336d3c1cdfdece749d99e65c2') in 0.021652 seconds 
========================================================================
Received Import Request.
  Time since last request: 0.000016 seconds.
  path: Assets/Jewel Pack/Prefabs/Gems - Green/gem_05.prefab
  artifactKey: Guid(cc9d35f8768fa43108ab0bcbe8823f26) Importer(815301076,1909f56bfc062723c751e8b465ee728b)
Start importing Assets/Jewel Pack/Prefabs/Gems - Green/gem_05.prefab using Guid(cc9d35f8768fa43108ab0bcbe8823f26) Importer(815301076,1909f56bfc062723c751e8b465ee728b)  -> (artifact id: '02da355dda00f2a436774c9dcda23e1c') in 0.022857 seconds 
========================================================================
Received Import Request.
  Time since last request: 0.000016 seconds.
  path: Assets/Jewel Pack/Prefabs/Gems - Green/gem_08.prefab
  artifactKey: Guid(44d7ee781bcb24ae89abf1f8b56becd0) Importer(815301076,1909f56bfc062723c751e8b465ee728b)
Start importing Assets/Jewel Pack/Prefabs/Gems - Green/gem_08.prefab using Guid(44d7ee781bcb24ae89abf1f8b56becd0) Importer(815301076,1909f56bfc062723c751e8b465ee728b)  -> (artifact id: 'bf4e1e2e95b751a6e97d54f0863e00ce') in 0.029595 seconds 
========================================================================
Received Import Request.
  Time since last request: 0.000015 seconds.
  path: Assets/Jewel Pack/Prefabs/Gems - Green/gem_09.prefab
  artifactKey: Guid(2eb5cff341243457ab1dff331dcb4a9e) Importer(815301076,1909f56bfc062723c751e8b465ee728b)
Start importing Assets/Jewel Pack/Prefabs/Gems - Green/gem_09.prefab using Guid(2eb5cff341243457ab1dff331dcb4a9e) Importer(815301076,1909f56bfc062723c751e8b465ee728b)  -> (artifact id: 'c00a0666d587c4bbc654c30ce1e9d56c') in 0.022959 seconds 
========================================================================
Received Import Request.
  Time since last request: 0.000016 seconds.
  path: Assets/Jewel Pack/Prefabs/Gems - Green/gem_12.prefab
  artifactKey: Guid(34111ea1825b94b428270b7f632cc733) Importer(815301076,1909f56bfc062723c751e8b465ee728b)
Start importing Assets/Jewel Pack/Prefabs/Gems - Green/gem_12.prefab using Guid(34111ea1825b94b428270b7f632cc733) Importer(815301076,1909f56bfc062723c751e8b465ee728b)  -> (artifact id: '4caf6f1ae5f589a375721bbddd7bc8f4') in 0.024490 seconds 
========================================================================
Received Import Request.
  Time since last request: 0.000021 seconds.
  path: Assets/Jewel Pack/Prefabs/Gems - Green/gem_18.prefab
  artifactKey: Guid(d1c86930242e14b12a10e114d238b52d) Importer(815301076,1909f56bfc062723c751e8b465ee728b)
Start importing Assets/Jewel Pack/Prefabs/Gems - Green/gem_18.prefab using Guid(d1c86930242e14b12a10e114d238b52d) Importer(815301076,1909f56bfc062723c751e8b465ee728b)  -> (artifact id: 'e0f8dfc9eed79b34db85282f48fbc12a') in 0.026158 seconds 
========================================================================
Received Import Request.
  Time since last request: 0.000031 seconds.
  path: Assets/Jewel Pack/Prefabs/Gems - Green/gem_04.prefab
  artifactKey: Guid(d8a1a743a35704dbcb483386dc7c9bf7) Importer(815301076,1909f56bfc062723c751e8b465ee728b)
Start importing Assets/Jewel Pack/Prefabs/Gems - Green/gem_04.prefab using Guid(d8a1a743a35704dbcb483386dc7c9bf7) Importer(815301076,1909f56bfc062723c751e8b465ee728b)  -> (artifact id: '5692269e633df2544d23bb270a727c0b') in 0.032015 seconds 
========================================================================
Received Import Request.
  Time since last request: 0.000027 seconds.
  path: Assets/Jewel Pack/Prefabs/Gems - Green/gem_14.prefab
  artifactKey: Guid(be03212f726dc41afa5459e09be84ca1) Importer(815301076,1909f56bfc062723c751e8b465ee728b)
Start importing Assets/Jewel Pack/Prefabs/Gems - Green/gem_14.prefab using Guid(be03212f726dc41afa5459e09be84ca1) Importer(815301076,1909f56bfc062723c751e8b465ee728b)  -> (artifact id: 'aa7810d7c1e86ed3253fdc321c2651b6') in 0.025680 seconds 
========================================================================
Received Import Request.
  Time since last request: 0.000034 seconds.
  path: Assets/Jewel Pack/Prefabs/Gems - Green/gem_03.prefab
  artifactKey: Guid(9888242a4c3284a07b5f10b67ef32aac) Importer(815301076,1909f56bfc062723c751e8b465ee728b)
Start importing Assets/Jewel Pack/Prefabs/Gems - Green/gem_03.prefab using Guid(9888242a4c3284a07b5f10b67ef32aac) Importer(815301076,1909f56bfc062723c751e8b465ee728b)  -> (artifact id: '1a4ddf0f00cd268141dff29a125d5de8') in 0.028760 seconds 
========================================================================
Received Import Request.
  Time since last request: 32.670021 seconds.
  path: Assets/Jewel Pack/Prefabs/Gems - Purple/gem_04.prefab
  artifactKey: Guid(94fda5ed9a5ee44e1ae22b5c91a5c35f) Importer(815301076,1909f56bfc062723c751e8b465ee728b)
Start importing Assets/Jewel Pack/Prefabs/Gems - Purple/gem_04.prefab using Guid(94fda5ed9a5ee44e1ae22b5c91a5c35f) Importer(815301076,1909f56bfc062723c751e8b465ee728b)  -> (artifact id: '1305e1776fb57473008ec1ce26042d10') in 0.022558 seconds 
========================================================================
Received Import Request.
  Time since last request: 0.000023 seconds.
  path: Assets/Jewel Pack/Prefabs/Gems - Purple/gem_14.prefab
  artifactKey: Guid(eba7e50df7b6b4ab2aedfc645b722204) Importer(815301076,1909f56bfc062723c751e8b465ee728b)
Start importing Assets/Jewel Pack/Prefabs/Gems - Purple/gem_14.prefab using Guid(eba7e50df7b6b4ab2aedfc645b722204) Importer(815301076,1909f56bfc062723c751e8b465ee728b)  -> (artifact id: 'c583f87fbea4980bc74ab951aa1ac2a1') in 0.026891 seconds 
========================================================================
Received Import Request.
  Time since last request: 0.000027 seconds.
  path: Assets/Jewel Pack/Prefabs/Gems - Purple/gem_17.prefab
  artifactKey: Guid(25e2659cb537b44b6b2e6c2239deeaf1) Importer(815301076,1909f56bfc062723c751e8b465ee728b)
Start importing Assets/Jewel Pack/Prefabs/Gems - Purple/gem_17.prefab using Guid(25e2659cb537b44b6b2e6c2239deeaf1) Importer(815301076,1909f56bfc062723c751e8b465ee728b)  -> (artifact id: '1579ff01e5625247d6528f0b1d2451d9') in 0.027002 seconds 
========================================================================
Received Import Request.
  Time since last request: 0.000033 seconds.
  path: Assets/Jewel Pack/Prefabs/Gems - Purple/gem_13.prefab
  artifactKey: Guid(924aaf6a1ea454b4dbf94f71f2fe7788) Importer(815301076,1909f56bfc062723c751e8b465ee728b)
Start importing Assets/Jewel Pack/Prefabs/Gems - Purple/gem_13.prefab using Guid(924aaf6a1ea454b4dbf94f71f2fe7788) Importer(815301076,1909f56bfc062723c751e8b465ee728b)  -> (artifact id: '1fb6ee7d3a61cef71c01d9aeb66cd23f') in 0.026525 seconds 
========================================================================
Received Import Request.
  Time since last request: 0.000024 seconds.
  path: Assets/Jewel Pack/Prefabs/Gems - Purple/gem_15.prefab
  artifactKey: Guid(67931a15141fe401aa5d7ec15a4d7daf) Importer(815301076,1909f56bfc062723c751e8b465ee728b)
Start importing Assets/Jewel Pack/Prefabs/Gems - Purple/gem_15.prefab using Guid(67931a15141fe401aa5d7ec15a4d7daf) Importer(815301076,1909f56bfc062723c751e8b465ee728b)  -> (artifact id: '5b590be28ab1dc2fb253997b725a89a9') in 0.024258 seconds 
Editor requested this worker to shutdown with reason: Scaling down because of idle timeout
AssetImportWorker is now disconnected from the server
Process exiting
Exiting without the bug reporter. Application will terminate with return code 0