Using pre-set license
Built from '2022.1/staging' branch; Version is '2022.1.22f1 (6b6e9fc2adda) revision 7040671'; Using compiler version '192829333'; Build Type 'Release'
OS: 'Windows 11  (10.0.22621) 64bit Core' Language: 'en' Physical Memory: 16085 MB
BatchMode: 1, IsHumanControllingUs: 0, StartBugReporterOnCrash: 0, Is64bit: 1, IsPro: 1

COMMAND LINE ARGUMENTS:
C:\Program Files\Unity\Hub\Editor\2022.1.22f1\Editor\Unity.exe
-adb2
-batchMode
-noUpm
-name
AssetImportWorker20
-projectPath
C:/Users/ajhor/Documents/GitHub/LockedIN
-logFile
Logs/AssetImportWorker20.log
-srvPort
53226
Successfully changed project path to: C:/Users/ajhor/Documents/GitHub/LockedIN
C:/Users/ajhor/Documents/GitHub/LockedIN
[UnityMemory] Configuration Parameters - Can be set up in boot.config
    "memorysetup-bucket-allocator-granularity=16"
    "memorysetup-bucket-allocator-bucket-count=8"
    "memorysetup-bucket-allocator-block-size=33554432"
    "memorysetup-bucket-allocator-block-count=8"
    "memorysetup-main-allocator-block-size=16777216"
    "memorysetup-thread-allocator-block-size=16777216"
    "memorysetup-gfx-main-allocator-block-size=16777216"
    "memorysetup-gfx-thread-allocator-block-size=16777216"
    "memorysetup-cache-allocator-block-size=4194304"
    "memorysetup-typetree-allocator-block-size=2097152"
    "memorysetup-profiler-bucket-allocator-granularity=16"
    "memorysetup-profiler-bucket-allocator-bucket-count=8"
    "memorysetup-profiler-bucket-allocator-block-size=33554432"
    "memorysetup-profiler-bucket-allocator-block-count=8"
    "memorysetup-profiler-allocator-block-size=16777216"
    "memorysetup-profiler-editor-allocator-block-size=1048576"
    "memorysetup-temp-allocator-size-main=16777216"
    "memorysetup-job-temp-allocator-block-size=2097152"
    "memorysetup-job-temp-allocator-block-size-background=1048576"
    "memorysetup-job-temp-allocator-reduction-small-platforms=262144"
    "memorysetup-temp-allocator-size-background-worker=32768"
    "memorysetup-temp-allocator-size-job-worker=262144"
    "memorysetup-temp-allocator-size-preload-manager=33554432"
    "memorysetup-temp-allocator-size-nav-mesh-worker=65536"
    "memorysetup-temp-allocator-size-audio-worker=65536"
    "memorysetup-temp-allocator-size-cloud-worker=32768"
    "memorysetup-temp-allocator-size-gi-baking-worker=262144"
    "memorysetup-temp-allocator-size-gfx=262144"
Refreshing native plugins compatible for Editor in 93.17 ms, found 11 plugins.
Preloading 1 native plugins for Editor in 0.38 ms.
Initialize engine version: 2022.1.22f1 (6b6e9fc2adda)
[Subsystems] Discovering subsystems at path C:/Program Files/Unity/Hub/Editor/2022.1.22f1/Editor/Data/Resources/UnitySubsystems
[Subsystems] Discovering subsystems at path C:/Users/ajhor/Documents/GitHub/LockedIN/Assets
GfxDevice: creating device client; threaded=0; jobified=0
Direct3D:
    Version:  Direct3D 11.0 [level 11.1]
    Renderer: NVIDIA GeForce RTX 3070 Ti Laptop GPU (ID=0x24a0)
    Vendor:   NVIDIA
    VRAM:     8032 MB
    Driver:   31.0.15.2901
Initialize mono
Mono path[0] = 'C:/Program Files/Unity/Hub/Editor/2022.1.22f1/Editor/Data/Managed'
Mono path[1] = 'C:/Program Files/Unity/Hub/Editor/2022.1.22f1/Editor/Data/MonoBleedingEdge/lib/mono/unityjit-win32'
Mono config path = 'C:/Program Files/Unity/Hub/Editor/2022.1.22f1/Editor/Data/MonoBleedingEdge/etc'
Using monoOptions --debugger-agent=transport=dt_socket,embedding=1,server=y,suspend=n,address=127.0.0.1:56716
Begin MonoManager ReloadAssembly
Registering precompiled unity dll's ...
Register platform support module: C:/Program Files/Unity/Hub/Editor/2022.1.22f1/Editor/Data/PlaybackEngines/WebGLSupport/UnityEditor.WebGL.Extensions.dll
Register platform support module: C:/Program Files/Unity/Hub/Editor/2022.1.22f1/Editor/Data/PlaybackEngines/AndroidPlayer/UnityEditor.Android.Extensions.dll
Register platform support module: C:/Program Files/Unity/Hub/Editor/2022.1.22f1/Editor/Data/PlaybackEngines/WindowsStandaloneSupport/UnityEditor.WindowsStandalone.Extensions.dll
Registered in 0.003375 seconds.
Native extension for WindowsStandalone target not found
Native extension for Android target not found
Native extension for WebGL target not found
Refreshing native plugins compatible for Editor in 69.20 ms, found 11 plugins.
Preloading 1 native plugins for Editor in 0.22 ms.
Mono: successfully reloaded assembly
- Completed reload, in  0.457 seconds
Domain Reload Profiling:
	ReloadAssembly (458ms)
		BeginReloadAssembly (43ms)
			ExecutionOrderSort (0ms)
			DisableScriptedObjects (0ms)
			BackupInstance (0ms)
			ReleaseScriptingObjects (0ms)
			CreateAndSetChildDomain (0ms)
		EndReloadAssembly (344ms)
			LoadAssemblies (43ms)
			RebuildTransferFunctionScriptingTraits (0ms)
			SetupTypeCache (77ms)
				TypeCache.Initialize (77ms)
					TypeCache.ScanAssembly (76ms)
				ResolveRequiredComponents (0ms)
			ReleaseScriptCaches (0ms)
			RebuildScriptCaches (18ms)
			SetupLoadedEditorAssemblies (212ms)
				LogAssemblyErrors (0ms)
				InitializePlatformSupportModulesInManaged (40ms)
				SetLoadedEditorAssemblies (6ms)
				RefreshPlugins (69ms)
				BeforeProcessingInitializeOnLoad (1ms)
				ProcessInitializeOnLoadAttributes (67ms)
				ProcessInitializeOnLoadMethodAttributes (29ms)
				AfterProcessingInitializeOnLoad (0ms)
				EditorAssembliesLoaded (0ms)
			ExecutionOrderSort2 (0ms)
			AwakeInstancesAfterBackupRestoration (0ms)
Platform modules already initialized, skipping
Registering precompiled user dll's ...
Registered in 0.004793 seconds.
Android Extension - Scanning For ADB Devices 649 ms
Begin MonoManager ReloadAssembly
Symbol file LoadedFromMemory doesn't match image C:\Users\ajhor\Documents\GitHub\LockedIN\Library\PackageCache\com.unity.visualscripting@1.7.8\Editor\VisualScripting.Core\Dependencies\DotNetZip\Unity.VisualScripting.IonicZip.dll
Symbol file LoadedFromMemory doesn't match image C:\Users\ajhor\Documents\GitHub\LockedIN\Library\PackageCache\com.unity.visualscripting@1.7.8\Editor\VisualScripting.Core\Dependencies\YamlDotNet\Unity.VisualScripting.YamlDotNet.dll
Native extension for WindowsStandalone target not found
Native extension for Android target not found
Native extension for WebGL target not found
Refreshing native plugins compatible for Editor in 68.12 ms, found 11 plugins.
Preloading 1 native plugins for Editor in 0.04 ms.
Package Manager log level set to [2]
[Package Manager] Server::EnsureServerProcessIsRunning -- launch failed, reason: Unity was launched with the -noUpm command-line argument
[Package Manager] UpmClient::Send -- Unable to send message (not connected to UPM process).
[Package Manager] Cannot connect to Unity Package Manager local server
System.Reflection.TargetInvocationException: Exception has been thrown by the target of an invocation. ---> System.NullReferenceException: Object reference not set to an instance of an object
  at Unity.XR.Oculus.OculusLoader.AssetPathToAbsolutePath (System.String assetPath) [0x0003d] in C:\Users\ajhor\Documents\GitHub\LockedIN\Library\PackageCache\com.unity.xr.oculus@3.2.3\Runtime\OculusLoader.cs:296 
  at Unity.XR.Oculus.OculusLoader.EditorLoadOVRPlugin () [0x0007b] in C:\Users\ajhor\Documents\GitHub\LockedIN\Library\PackageCache\com.unity.xr.oculus@3.2.3\Runtime\OculusLoader.cs:281 
  at (wrapper managed-to-native) System.Reflection.RuntimeMethodInfo.InternalInvoke(System.Reflection.RuntimeMethodInfo,object,object[],System.Exception&)
  at System.Reflection.RuntimeMethodInfo.Invoke (System.Object obj, System.Reflection.BindingFlags invokeAttr, System.Reflection.Binder binder, System.Object[] parameters, System.Globalization.CultureInfo culture) [0x0006a] in <3dd5df5ef4974f29afeb2d3ba227c5da>:0 
   --- End of inner exception stack trace ---
  at System.Reflection.RuntimeMethodInfo.Invoke (System.Object obj, System.Reflection.BindingFlags invokeAttr, System.Reflection.Binder binder, System.Object[] parameters, System.Globalization.CultureInfo culture) [0x00083] in <3dd5df5ef4974f29afeb2d3ba227c5da>:0 
  at System.Reflection.MethodBase.Invoke (System.Object obj, System.Object[] parameters) [0x00000] in <3dd5df5ef4974f29afeb2d3ba227c5da>:0 
  at UnityEditor.EditorAssemblies.ProcessInitializeOnLoadMethodAttributes () [0x000a5] in <70229d9c56924d7794599e8f1526153f>:0 
UnityEngine.StackTraceUtility:ExtractStackTrace ()
UnityEngine.DebugLogHandler:LogFormat (UnityEngine.LogType,UnityEngine.Object,string,object[])
UnityEngine.Logger:Log (UnityEngine.LogType,object)
UnityEngine.Debug:LogError (object)
UnityEditor.EditorAssemblies:ProcessInitializeOnLoadMethodAttributes ()

Mono: successfully reloaded assembly
[Package Manager] Server::EnsureServerProcessIsRunning -- launch failed, reason: Unity was launched with the -noUpm command-line argument
[Package Manager] UpmClient::Send -- Unable to send message (not connected to UPM process).
[Package Manager] Cannot connect to Unity Package Manager local server
[Package Manager] Server::EnsureServerProcessIsRunning -- launch failed, reason: Unity was launched with the -noUpm command-line argument
[Package Manager] UpmClient::Send -- Unable to send message (not connected to UPM process).
[Package Manager] Cannot connect to Unity Package Manager local server
- Completed reload, in  0.854 seconds
Domain Reload Profiling:
	ReloadAssembly (854ms)
		BeginReloadAssembly (76ms)
			ExecutionOrderSort (0ms)
			DisableScriptedObjects (3ms)
			BackupInstance (0ms)
			ReleaseScriptingObjects (0ms)
			CreateAndSetChildDomain (19ms)
		EndReloadAssembly (704ms)
			LoadAssemblies (53ms)
			RebuildTransferFunctionScriptingTraits (0ms)
			SetupTypeCache (199ms)
				TypeCache.Initialize (196ms)
					TypeCache.ScanAssembly (193ms)
				ResolveRequiredComponents (3ms)
			ReleaseScriptCaches (0ms)
			RebuildScriptCaches (41ms)
			SetupLoadedEditorAssemblies (370ms)
				LogAssemblyErrors (0ms)
				InitializePlatformSupportModulesInManaged (9ms)
				SetLoadedEditorAssemblies (4ms)
				RefreshPlugins (68ms)
				BeforeProcessingInitializeOnLoad (62ms)
				ProcessInitializeOnLoadAttributes (199ms)
				ProcessInitializeOnLoadMethodAttributes (25ms)
				AfterProcessingInitializeOnLoad (3ms)
				EditorAssembliesLoaded (0ms)
			ExecutionOrderSort2 (0ms)
			AwakeInstancesAfterBackupRestoration (4ms)
Platform modules already initialized, skipping
========================================================================
Worker process is ready to serve import requests
Launched and connected shader compiler UnityShaderCompiler.exe after 0.04 seconds
Refreshing native plugins compatible for Editor in 1.16 ms, found 11 plugins.
Preloading 1 native plugins for Editor in 0.09 ms.
Unloading 4430 Unused Serialized files (Serialized files now loaded: 0)
Unloading 49 unused Assets / (116.7 KB). Loaded Objects now: 4881.
Memory consumption went from 0.67 GB to 0.67 GB.
Total: 4.165200 ms (FindLiveObjects: 0.372700 ms CreateObjectMapping: 0.289700 ms MarkObjects: 3.368700 ms  DeleteObjects: 0.133100 ms)

AssetImportParameters requested are different than current active one (requested -> active):
  custom:video-decoder-ogg-theora: a1e56fd34408186e4bbccfd4996cb3dc -> 
  custom:container-muxer-webm: aa71ff27fc2769a1b78a27578f13a17b -> 
  custom:container-demuxer-webm: 4f35f7cbe854078d1ac9338744f61a02 -> 
  custom:video-encoder-webm-vp8: eb34c28f22e8b96e1ab97ce403110664 -> 
  custom:audio-encoder-webm-vorbis: bf7c407c2cedff20999df2af8eb42d56 -> 
  custom:framework-win-MediaFoundation: 216162199b28c13a410421893ffa2e32 -> 
  custom:container-demuxer-ogg: 62fdf1f143b41e24485cea50d1cbac27 -> 
  custom:video-decoder-webm-vp8: 9c59270c3fd7afecdb556c50c9e8de78 -> 
  custom:audio-decoder-ogg-vorbis: bf7c407c2cedff20999df2af8eb42d56 -> 
========================================================================
Received Import Request.
  Time since last request: 603802.994991 seconds.
  path: Assets/Jewel Pack/Prefabs/Gems - Purple Dark/gem_04.prefab
  artifactKey: Guid(4e7758b3ec6f34ffca143d8c8052a020) Importer(815301076,1909f56bfc062723c751e8b465ee728b)
Start importing Assets/Jewel Pack/Prefabs/Gems - Purple Dark/gem_04.prefab using Guid(4e7758b3ec6f34ffca143d8c8052a020) Importer(815301076,1909f56bfc062723c751e8b465ee728b)  -> (artifact id: '51cc11b4d8da56988b1a50beee189b86') in 0.110310 seconds 
========================================================================
Received Import Request.
  Time since last request: 0.000025 seconds.
  path: Assets/Jewel Pack/Prefabs/Gems - Purple Dark/gem_06.prefab
  artifactKey: Guid(59ec749af0743488e8df0fbe08c79006) Importer(815301076,1909f56bfc062723c751e8b465ee728b)
Start importing Assets/Jewel Pack/Prefabs/Gems - Purple Dark/gem_06.prefab using Guid(59ec749af0743488e8df0fbe08c79006) Importer(815301076,1909f56bfc062723c751e8b465ee728b)  -> (artifact id: 'a6a96ea1a2a1ecf10a96f4f79c3c4cfd') in 0.027364 seconds 
========================================================================
Received Import Request.
  Time since last request: 0.000019 seconds.
  path: Assets/Jewel Pack/Prefabs/Gems - Purple Dark/gem_09.prefab
  artifactKey: Guid(5fbcc7dfe3d6446f89f330efd8f943df) Importer(815301076,1909f56bfc062723c751e8b465ee728b)
Start importing Assets/Jewel Pack/Prefabs/Gems - Purple Dark/gem_09.prefab using Guid(5fbcc7dfe3d6446f89f330efd8f943df) Importer(815301076,1909f56bfc062723c751e8b465ee728b)  -> (artifact id: 'd00e38fdcdabd7b8090c596461111abf') in 0.025755 seconds 
========================================================================
Received Import Request.
  Time since last request: 13.543488 seconds.
  path: Assets/Jewel Pack/Prefabs/Gems - Crystal/gem_04.prefab
  artifactKey: Guid(bc740cb97c99d4e60ba1886399214585) Importer(815301076,1909f56bfc062723c751e8b465ee728b)
Start importing Assets/Jewel Pack/Prefabs/Gems - Crystal/gem_04.prefab using Guid(bc740cb97c99d4e60ba1886399214585) Importer(815301076,1909f56bfc062723c751e8b465ee728b)  -> (artifact id: '0326b98a0c5316c62e5e8efa6f874129') in 0.026739 seconds 
========================================================================
Received Import Request.
  Time since last request: 0.000029 seconds.
  path: Assets/Jewel Pack/Prefabs/Gems - Crystal/gem_11.prefab
  artifactKey: Guid(1a6f53f6b14b24a96985dd923df66101) Importer(815301076,1909f56bfc062723c751e8b465ee728b)
Start importing Assets/Jewel Pack/Prefabs/Gems - Crystal/gem_11.prefab using Guid(1a6f53f6b14b24a96985dd923df66101) Importer(815301076,1909f56bfc062723c751e8b465ee728b)  -> (artifact id: '8393d84b6f0f548ebaeed21ba8442ae6') in 0.029727 seconds 
========================================================================
Received Import Request.
  Time since last request: 0.000025 seconds.
  path: Assets/Jewel Pack/Prefabs/Gems - Crystal/gem_17.prefab
  artifactKey: Guid(e38b99f7588d24092ae6bd4282256c5c) Importer(815301076,1909f56bfc062723c751e8b465ee728b)
Start importing Assets/Jewel Pack/Prefabs/Gems - Crystal/gem_17.prefab using Guid(e38b99f7588d24092ae6bd4282256c5c) Importer(815301076,1909f56bfc062723c751e8b465ee728b)  -> (artifact id: 'ea2d04ec768df5e217280846ec65dbb3') in 0.023703 seconds 
========================================================================
Received Import Request.
  Time since last request: 0.000039 seconds.
  path: Assets/Jewel Pack/Prefabs/Gems - Crystal/gem_08.prefab
  artifactKey: Guid(f3eb35d92e3c24479b38c9ea4d2ad6fc) Importer(815301076,1909f56bfc062723c751e8b465ee728b)
Start importing Assets/Jewel Pack/Prefabs/Gems - Crystal/gem_08.prefab using Guid(f3eb35d92e3c24479b38c9ea4d2ad6fc) Importer(815301076,1909f56bfc062723c751e8b465ee728b)  -> (artifact id: 'a3c221ed8daae262b10c5994c40b20ee') in 0.024915 seconds 
========================================================================
Received Import Request.
  Time since last request: 7.835061 seconds.
  path: Assets/Jewel Pack/Prefabs/Gems - Cyan/gem_04.prefab
  artifactKey: Guid(12891e3279dbe45de869bdf87901fa4b) Importer(815301076,1909f56bfc062723c751e8b465ee728b)
Start importing Assets/Jewel Pack/Prefabs/Gems - Cyan/gem_04.prefab using Guid(12891e3279dbe45de869bdf87901fa4b) Importer(815301076,1909f56bfc062723c751e8b465ee728b)  -> (artifact id: '046f626ccffa79655509971bbb54efa6') in 0.025125 seconds 
========================================================================
Received Import Request.
  Time since last request: 0.000033 seconds.
  path: Assets/Jewel Pack/Prefabs/Gems - Cyan/gem_18.prefab
  artifactKey: Guid(b8bf86397990d48779286f5a0bb07e88) Importer(815301076,1909f56bfc062723c751e8b465ee728b)
Start importing Assets/Jewel Pack/Prefabs/Gems - Cyan/gem_18.prefab using Guid(b8bf86397990d48779286f5a0bb07e88) Importer(815301076,1909f56bfc062723c751e8b465ee728b)  -> (artifact id: '519755579c2b3c6324c455749bdda947') in 0.036118 seconds 
========================================================================
Received Import Request.
  Time since last request: 0.000022 seconds.
  path: Assets/Jewel Pack/Prefabs/Gems - Cyan/gem_15.prefab
  artifactKey: Guid(4d26077254eb54dbcbc256db19f5c3f2) Importer(815301076,1909f56bfc062723c751e8b465ee728b)
Start importing Assets/Jewel Pack/Prefabs/Gems - Cyan/gem_15.prefab using Guid(4d26077254eb54dbcbc256db19f5c3f2) Importer(815301076,1909f56bfc062723c751e8b465ee728b)  -> (artifact id: 'e033f6b4a84791aaeceb44891c567ce4') in 0.024808 seconds 
========================================================================
Received Import Request.
  Time since last request: 1.795672 seconds.
  path: Assets/Jewel Pack/Prefabs/Gems - Yellow/gem_04.prefab
  artifactKey: Guid(61a2132334dda4f9e972a91782f3c2bd) Importer(815301076,1909f56bfc062723c751e8b465ee728b)
Start importing Assets/Jewel Pack/Prefabs/Gems - Yellow/gem_04.prefab using Guid(61a2132334dda4f9e972a91782f3c2bd) Importer(815301076,1909f56bfc062723c751e8b465ee728b)  -> (artifact id: '7c91bf2a4324ff3bf53f5b8ba023ded1') in 0.033623 seconds 
========================================================================
Received Import Request.
  Time since last request: 0.000041 seconds.
  path: Assets/Jewel Pack/Prefabs/Gems - Yellow/gem_13.prefab
  artifactKey: Guid(734045e7bf4684cc592f08dba3441e88) Importer(815301076,1909f56bfc062723c751e8b465ee728b)
Start importing Assets/Jewel Pack/Prefabs/Gems - Yellow/gem_13.prefab using Guid(734045e7bf4684cc592f08dba3441e88) Importer(815301076,1909f56bfc062723c751e8b465ee728b)  -> (artifact id: '5d97c7b7851e7af9744828120bd77d69') in 0.026650 seconds 
========================================================================
Received Import Request.
  Time since last request: 0.000035 seconds.
  path: Assets/Jewel Pack/Prefabs/Gems - Yellow/gem_12.prefab
  artifactKey: Guid(8856134cda8dd4fc88e975aa885e4827) Importer(815301076,1909f56bfc062723c751e8b465ee728b)
Start importing Assets/Jewel Pack/Prefabs/Gems - Yellow/gem_12.prefab using Guid(8856134cda8dd4fc88e975aa885e4827) Importer(815301076,1909f56bfc062723c751e8b465ee728b)  -> (artifact id: '74deabfdf4346ecd2269d2c340cc85c9') in 0.028553 seconds 
========================================================================
Received Import Request.
  Time since last request: 0.724231 seconds.
  path: Assets/Jewel Pack/Prefabs/Gems - Rose/gem_04.prefab
  artifactKey: Guid(6b4483573a4454548bfa1c8d463241a6) Importer(815301076,1909f56bfc062723c751e8b465ee728b)
Start importing Assets/Jewel Pack/Prefabs/Gems - Rose/gem_04.prefab using Guid(6b4483573a4454548bfa1c8d463241a6) Importer(815301076,1909f56bfc062723c751e8b465ee728b)  -> (artifact id: 'eb7c741a5706231b59205be4ddc2a278') in 0.030978 seconds 
========================================================================
Received Import Request.
  Time since last request: 0.000025 seconds.
  path: Assets/Jewel Pack/Prefabs/Gems - Rose/gem_10.prefab
  artifactKey: Guid(7040b353c8c8645a28e6416bc44c7ffb) Importer(815301076,1909f56bfc062723c751e8b465ee728b)
Start importing Assets/Jewel Pack/Prefabs/Gems - Rose/gem_10.prefab using Guid(7040b353c8c8645a28e6416bc44c7ffb) Importer(815301076,1909f56bfc062723c751e8b465ee728b)  -> (artifact id: 'f9a3ecd15bd0b6cfeaffaa8a8d9d4a75') in 0.027390 seconds 
========================================================================
Received Import Request.
  Time since last request: 0.000021 seconds.
  path: Assets/Jewel Pack/Prefabs/Gems - Rose/gem_11.prefab
  artifactKey: Guid(dc9e414e71f5849ea8379a81e20ed0c4) Importer(815301076,1909f56bfc062723c751e8b465ee728b)
Start importing Assets/Jewel Pack/Prefabs/Gems - Rose/gem_11.prefab using Guid(dc9e414e71f5849ea8379a81e20ed0c4) Importer(815301076,1909f56bfc062723c751e8b465ee728b)  -> (artifact id: '59045ad254fe9032cd17dede82277499') in 0.027231 seconds 
========================================================================
Received Import Request.
  Time since last request: 0.000028 seconds.
  path: Assets/Jewel Pack/Prefabs/Gems - Rose/gem_07.prefab
  artifactKey: Guid(add347f5c3cc94c71b3edc2a5971c778) Importer(815301076,1909f56bfc062723c751e8b465ee728b)
Start importing Assets/Jewel Pack/Prefabs/Gems - Rose/gem_07.prefab using Guid(add347f5c3cc94c71b3edc2a5971c778) Importer(815301076,1909f56bfc062723c751e8b465ee728b)  -> (artifact id: 'a10a67fb0484ba45382e6ebebbe1b159') in 0.021371 seconds 
========================================================================
Received Import Request.
  Time since last request: 0.970085 seconds.
  path: Assets/Jewel Pack/Prefabs/Gems - Red/gem_04.prefab
  artifactKey: Guid(f903330e61736465381ea3a8cebaaa25) Importer(815301076,1909f56bfc062723c751e8b465ee728b)
Start importing Assets/Jewel Pack/Prefabs/Gems - Red/gem_04.prefab using Guid(f903330e61736465381ea3a8cebaaa25) Importer(815301076,1909f56bfc062723c751e8b465ee728b)  -> (artifact id: '0fd8efb689064c027a748894d68946ef') in 0.025729 seconds 
========================================================================
Received Import Request.
  Time since last request: 0.000023 seconds.
  path: Assets/Jewel Pack/Prefabs/Gems - Red/gem_14.prefab
  artifactKey: Guid(a1aff0929c3644e8f8cbc6dd0d222517) Importer(815301076,1909f56bfc062723c751e8b465ee728b)
Start importing Assets/Jewel Pack/Prefabs/Gems - Red/gem_14.prefab using Guid(a1aff0929c3644e8f8cbc6dd0d222517) Importer(815301076,1909f56bfc062723c751e8b465ee728b)  -> (artifact id: 'c0b506da39e527121666612e4f2b67db') in 0.031711 seconds 
========================================================================
Received Import Request.
  Time since last request: 0.000022 seconds.
  path: Assets/Jewel Pack/Prefabs/Gems - Red/gem_06.prefab
  artifactKey: Guid(3d2e1d4f3db274e319cd80863c891929) Importer(815301076,1909f56bfc062723c751e8b465ee728b)
Start importing Assets/Jewel Pack/Prefabs/Gems - Red/gem_06.prefab using Guid(3d2e1d4f3db274e319cd80863c891929) Importer(815301076,1909f56bfc062723c751e8b465ee728b)  -> (artifact id: '0efd64b3f45968f94b2b75674c5fc238') in 0.030181 seconds 
Editor requested this worker to shutdown with reason: Scaling down because of idle timeout
AssetImportWorker is now disconnected from the server
Process exiting
Exiting without the bug reporter. Application will terminate with return code 0