Using pre-set license
Built from '2022.1/staging' branch; Version is '2022.1.22f1 (6b6e9fc2adda) revision 7040671'; Using compiler version '192829333'; Build Type 'Release'
OS: 'Windows 11  (10.0.22621) 64bit Core' Language: 'en' Physical Memory: 16085 MB
BatchMode: 1, IsHumanControllingUs: 0, StartBugReporterOnCrash: 0, Is64bit: 1, IsPro: 1

COMMAND LINE ARGUMENTS:
C:\Program Files\Unity\Hub\Editor\2022.1.22f1\Editor\Unity.exe
-adb2
-batchMode
-noUpm
-name
AssetImportWorker17
-projectPath
C:/Users/ajhor/Documents/GitHub/LockedIN
-logFile
Logs/AssetImportWorker17.log
-srvPort
53226
Successfully changed project path to: C:/Users/ajhor/Documents/GitHub/LockedIN
C:/Users/ajhor/Documents/GitHub/LockedIN
[UnityMemory] Configuration Parameters - Can be set up in boot.config
    "memorysetup-bucket-allocator-granularity=16"
    "memorysetup-bucket-allocator-bucket-count=8"
    "memorysetup-bucket-allocator-block-size=33554432"
    "memorysetup-bucket-allocator-block-count=8"
    "memorysetup-main-allocator-block-size=16777216"
    "memorysetup-thread-allocator-block-size=16777216"
    "memorysetup-gfx-main-allocator-block-size=16777216"
    "memorysetup-gfx-thread-allocator-block-size=16777216"
    "memorysetup-cache-allocator-block-size=4194304"
    "memorysetup-typetree-allocator-block-size=2097152"
    "memorysetup-profiler-bucket-allocator-granularity=16"
    "memorysetup-profiler-bucket-allocator-bucket-count=8"
    "memorysetup-profiler-bucket-allocator-block-size=33554432"
    "memorysetup-profiler-bucket-allocator-block-count=8"
    "memorysetup-profiler-allocator-block-size=16777216"
    "memorysetup-profiler-editor-allocator-block-size=1048576"
    "memorysetup-temp-allocator-size-main=16777216"
    "memorysetup-job-temp-allocator-block-size=2097152"
    "memorysetup-job-temp-allocator-block-size-background=1048576"
    "memorysetup-job-temp-allocator-reduction-small-platforms=262144"
    "memorysetup-temp-allocator-size-background-worker=32768"
    "memorysetup-temp-allocator-size-job-worker=262144"
    "memorysetup-temp-allocator-size-preload-manager=33554432"
    "memorysetup-temp-allocator-size-nav-mesh-worker=65536"
    "memorysetup-temp-allocator-size-audio-worker=65536"
    "memorysetup-temp-allocator-size-cloud-worker=32768"
    "memorysetup-temp-allocator-size-gi-baking-worker=262144"
    "memorysetup-temp-allocator-size-gfx=262144"
Refreshing native plugins compatible for Editor in 70.44 ms, found 11 plugins.
Preloading 1 native plugins for Editor in 0.34 ms.
Initialize engine version: 2022.1.22f1 (6b6e9fc2adda)
[Subsystems] Discovering subsystems at path C:/Program Files/Unity/Hub/Editor/2022.1.22f1/Editor/Data/Resources/UnitySubsystems
[Subsystems] Discovering subsystems at path C:/Users/ajhor/Documents/GitHub/LockedIN/Assets
GfxDevice: creating device client; threaded=0; jobified=0
Direct3D:
    Version:  Direct3D 11.0 [level 11.1]
    Renderer: NVIDIA GeForce RTX 3070 Ti Laptop GPU (ID=0x24a0)
    Vendor:   NVIDIA
    VRAM:     8032 MB
    Driver:   31.0.15.2901
Initialize mono
Mono path[0] = 'C:/Program Files/Unity/Hub/Editor/2022.1.22f1/Editor/Data/Managed'
Mono path[1] = 'C:/Program Files/Unity/Hub/Editor/2022.1.22f1/Editor/Data/MonoBleedingEdge/lib/mono/unityjit-win32'
Mono config path = 'C:/Program Files/Unity/Hub/Editor/2022.1.22f1/Editor/Data/MonoBleedingEdge/etc'
Using monoOptions --debugger-agent=transport=dt_socket,embedding=1,server=y,suspend=n,address=127.0.0.1:56116
Begin MonoManager ReloadAssembly
Registering precompiled unity dll's ...
Register platform support module: C:/Program Files/Unity/Hub/Editor/2022.1.22f1/Editor/Data/PlaybackEngines/WebGLSupport/UnityEditor.WebGL.Extensions.dll
Register platform support module: C:/Program Files/Unity/Hub/Editor/2022.1.22f1/Editor/Data/PlaybackEngines/AndroidPlayer/UnityEditor.Android.Extensions.dll
Register platform support module: C:/Program Files/Unity/Hub/Editor/2022.1.22f1/Editor/Data/PlaybackEngines/WindowsStandaloneSupport/UnityEditor.WindowsStandalone.Extensions.dll
Registered in 0.003029 seconds.
Native extension for WindowsStandalone target not found
Native extension for Android target not found
Native extension for WebGL target not found
Refreshing native plugins compatible for Editor in 66.96 ms, found 11 plugins.
Preloading 1 native plugins for Editor in 0.16 ms.
Mono: successfully reloaded assembly
- Completed reload, in  0.433 seconds
Domain Reload Profiling:
	ReloadAssembly (434ms)
		BeginReloadAssembly (41ms)
			ExecutionOrderSort (0ms)
			DisableScriptedObjects (0ms)
			BackupInstance (0ms)
			ReleaseScriptingObjects (0ms)
			CreateAndSetChildDomain (0ms)
		EndReloadAssembly (326ms)
			LoadAssemblies (40ms)
			RebuildTransferFunctionScriptingTraits (0ms)
			SetupTypeCache (73ms)
				TypeCache.Initialize (73ms)
					TypeCache.ScanAssembly (72ms)
				ResolveRequiredComponents (0ms)
			ReleaseScriptCaches (0ms)
			RebuildScriptCaches (18ms)
			SetupLoadedEditorAssemblies (200ms)
				LogAssemblyErrors (0ms)
				InitializePlatformSupportModulesInManaged (37ms)
				SetLoadedEditorAssemblies (5ms)
				RefreshPlugins (67ms)
				BeforeProcessingInitializeOnLoad (1ms)
				ProcessInitializeOnLoadAttributes (63ms)
				ProcessInitializeOnLoadMethodAttributes (27ms)
				AfterProcessingInitializeOnLoad (0ms)
				EditorAssembliesLoaded (0ms)
			ExecutionOrderSort2 (0ms)
			AwakeInstancesAfterBackupRestoration (0ms)
Platform modules already initialized, skipping
Registering precompiled user dll's ...
Registered in 0.004503 seconds.
Android Extension - Scanning For ADB Devices 649 ms
Begin MonoManager ReloadAssembly
Symbol file LoadedFromMemory doesn't match image C:\Users\ajhor\Documents\GitHub\LockedIN\Library\PackageCache\com.unity.visualscripting@1.7.8\Editor\VisualScripting.Core\Dependencies\DotNetZip\Unity.VisualScripting.IonicZip.dll
Symbol file LoadedFromMemory doesn't match image C:\Users\ajhor\Documents\GitHub\LockedIN\Library\PackageCache\com.unity.visualscripting@1.7.8\Editor\VisualScripting.Core\Dependencies\YamlDotNet\Unity.VisualScripting.YamlDotNet.dll
Native extension for WindowsStandalone target not found
Native extension for Android target not found
Native extension for WebGL target not found
Refreshing native plugins compatible for Editor in 70.31 ms, found 11 plugins.
Preloading 1 native plugins for Editor in 0.05 ms.
Package Manager log level set to [2]
[Package Manager] Server::EnsureServerProcessIsRunning -- launch failed, reason: Unity was launched with the -noUpm command-line argument
[Package Manager] UpmClient::Send -- Unable to send message (not connected to UPM process).
[Package Manager] Cannot connect to Unity Package Manager local server
System.Reflection.TargetInvocationException: Exception has been thrown by the target of an invocation. ---> System.NullReferenceException: Object reference not set to an instance of an object
  at Unity.XR.Oculus.OculusLoader.AssetPathToAbsolutePath (System.String assetPath) [0x0003d] in C:\Users\ajhor\Documents\GitHub\LockedIN\Library\PackageCache\com.unity.xr.oculus@3.2.3\Runtime\OculusLoader.cs:296 
  at Unity.XR.Oculus.OculusLoader.EditorLoadOVRPlugin () [0x0007b] in C:\Users\ajhor\Documents\GitHub\LockedIN\Library\PackageCache\com.unity.xr.oculus@3.2.3\Runtime\OculusLoader.cs:281 
  at (wrapper managed-to-native) System.Reflection.RuntimeMethodInfo.InternalInvoke(System.Reflection.RuntimeMethodInfo,object,object[],System.Exception&)
  at System.Reflection.RuntimeMethodInfo.Invoke (System.Object obj, System.Reflection.BindingFlags invokeAttr, System.Reflection.Binder binder, System.Object[] parameters, System.Globalization.CultureInfo culture) [0x0006a] in <3dd5df5ef4974f29afeb2d3ba227c5da>:0 
   --- End of inner exception stack trace ---
  at System.Reflection.RuntimeMethodInfo.Invoke (System.Object obj, System.Reflection.BindingFlags invokeAttr, System.Reflection.Binder binder, System.Object[] parameters, System.Globalization.CultureInfo culture) [0x00083] in <3dd5df5ef4974f29afeb2d3ba227c5da>:0 
  at System.Reflection.MethodBase.Invoke (System.Object obj, System.Object[] parameters) [0x00000] in <3dd5df5ef4974f29afeb2d3ba227c5da>:0 
  at UnityEditor.EditorAssemblies.ProcessInitializeOnLoadMethodAttributes () [0x000a5] in <70229d9c56924d7794599e8f1526153f>:0 
UnityEngine.StackTraceUtility:ExtractStackTrace ()
UnityEngine.DebugLogHandler:LogFormat (UnityEngine.LogType,UnityEngine.Object,string,object[])
UnityEngine.Logger:Log (UnityEngine.LogType,object)
UnityEngine.Debug:LogError (object)
UnityEditor.EditorAssemblies:ProcessInitializeOnLoadMethodAttributes ()

Mono: successfully reloaded assembly
[Package Manager] Server::EnsureServerProcessIsRunning -- launch failed, reason: Unity was launched with the -noUpm command-line argument
[Package Manager] UpmClient::Send -- Unable to send message (not connected to UPM process).
[Package Manager] Cannot connect to Unity Package Manager local server
[Package Manager] Server::EnsureServerProcessIsRunning -- launch failed, reason: Unity was launched with the -noUpm command-line argument
[Package Manager] UpmClient::Send -- Unable to send message (not connected to UPM process).
[Package Manager] Cannot connect to Unity Package Manager local server
- Completed reload, in 24.027 seconds
Domain Reload Profiling:
	ReloadAssembly (24028ms)
		BeginReloadAssembly (79ms)
			ExecutionOrderSort (0ms)
			DisableScriptedObjects (4ms)
			BackupInstance (0ms)
			ReleaseScriptingObjects (0ms)
			CreateAndSetChildDomain (16ms)
		EndReloadAssembly (23879ms)
			LoadAssemblies (16042ms)
			RebuildTransferFunctionScriptingTraits (0ms)
			SetupTypeCache (3386ms)
				TypeCache.Initialize (3382ms)
					TypeCache.ScanAssembly (3379ms)
				ResolveRequiredComponents (4ms)
			ReleaseScriptCaches (1ms)
			RebuildScriptCaches (45ms)
			SetupLoadedEditorAssemblies (4354ms)
				LogAssemblyErrors (0ms)
				InitializePlatformSupportModulesInManaged (11ms)
				SetLoadedEditorAssemblies (4ms)
				RefreshPlugins (70ms)
				BeforeProcessingInitializeOnLoad (72ms)
				ProcessInitializeOnLoadAttributes (1092ms)
				ProcessInitializeOnLoadMethodAttributes (3101ms)
				AfterProcessingInitializeOnLoad (3ms)
				EditorAssembliesLoaded (0ms)
			ExecutionOrderSort2 (0ms)
			AwakeInstancesAfterBackupRestoration (4ms)
Platform modules already initialized, skipping
========================================================================
Worker process is ready to serve import requests
Launched and connected shader compiler UnityShaderCompiler.exe after 0.05 seconds
Refreshing native plugins compatible for Editor in 0.80 ms, found 11 plugins.
Preloading 1 native plugins for Editor in 0.06 ms.
Unloading 4430 Unused Serialized files (Serialized files now loaded: 0)
Unloading 49 unused Assets / (117.0 KB). Loaded Objects now: 4880.
Memory consumption went from 0.66 GB to 0.66 GB.
Total: 2.883200 ms (FindLiveObjects: 0.202900 ms CreateObjectMapping: 0.094400 ms MarkObjects: 2.483300 ms  DeleteObjects: 0.101800 ms)

AssetImportParameters requested are different than current active one (requested -> active):
  custom:video-decoder-ogg-theora: a1e56fd34408186e4bbccfd4996cb3dc -> 
  custom:container-muxer-webm: aa71ff27fc2769a1b78a27578f13a17b -> 
  custom:container-demuxer-webm: 4f35f7cbe854078d1ac9338744f61a02 -> 
  custom:video-encoder-webm-vp8: eb34c28f22e8b96e1ab97ce403110664 -> 
  custom:audio-encoder-webm-vorbis: bf7c407c2cedff20999df2af8eb42d56 -> 
  custom:framework-win-MediaFoundation: 216162199b28c13a410421893ffa2e32 -> 
  custom:container-demuxer-ogg: 62fdf1f143b41e24485cea50d1cbac27 -> 
  custom:video-decoder-webm-vp8: 9c59270c3fd7afecdb556c50c9e8de78 -> 
  custom:audio-decoder-ogg-vorbis: bf7c407c2cedff20999df2af8eb42d56 -> 
========================================================================
Received Prepare
Registering precompiled user dll's ...
Registered in 0.004812 seconds.
Begin MonoManager ReloadAssembly
Symbol file LoadedFromMemory doesn't match image C:\Users\ajhor\Documents\GitHub\LockedIN\Library\PackageCache\com.unity.visualscripting@1.7.8\Editor\VisualScripting.Core\Dependencies\DotNetZip\Unity.VisualScripting.IonicZip.dll
Symbol file LoadedFromMemory doesn't match image C:\Users\ajhor\Documents\GitHub\LockedIN\Library\PackageCache\com.unity.visualscripting@1.7.8\Editor\VisualScripting.Core\Dependencies\YamlDotNet\Unity.VisualScripting.YamlDotNet.dll
Native extension for WindowsStandalone target not found
Native extension for Android target not found
Native extension for WebGL target not found
Refreshing native plugins compatible for Editor in 0.78 ms, found 11 plugins.
Preloading 1 native plugins for Editor in 0.07 ms.
[Package Manager] Server::EnsureServerProcessIsRunning -- launch failed, reason: Unity was launched with the -noUpm command-line argument
[Package Manager] UpmClient::Send -- Unable to send message (not connected to UPM process).
[Package Manager] Cannot connect to Unity Package Manager local server
System.Reflection.TargetInvocationException: Exception has been thrown by the target of an invocation. ---> System.NullReferenceException: Object reference not set to an instance of an object
  at Unity.XR.Oculus.OculusLoader.AssetPathToAbsolutePath (System.String assetPath) [0x0003d] in C:\Users\ajhor\Documents\GitHub\LockedIN\Library\PackageCache\com.unity.xr.oculus@3.2.3\Runtime\OculusLoader.cs:296 
  at Unity.XR.Oculus.OculusLoader.EditorLoadOVRPlugin () [0x0007b] in C:\Users\ajhor\Documents\GitHub\LockedIN\Library\PackageCache\com.unity.xr.oculus@3.2.3\Runtime\OculusLoader.cs:281 
  at (wrapper managed-to-native) System.Reflection.RuntimeMethodInfo.InternalInvoke(System.Reflection.RuntimeMethodInfo,object,object[],System.Exception&)
  at System.Reflection.RuntimeMethodInfo.Invoke (System.Object obj, System.Reflection.BindingFlags invokeAttr, System.Reflection.Binder binder, System.Object[] parameters, System.Globalization.CultureInfo culture) [0x0006a] in <3dd5df5ef4974f29afeb2d3ba227c5da>:0 
   --- End of inner exception stack trace ---
  at System.Reflection.RuntimeMethodInfo.Invoke (System.Object obj, System.Reflection.BindingFlags invokeAttr, System.Reflection.Binder binder, System.Object[] parameters, System.Globalization.CultureInfo culture) [0x00083] in <3dd5df5ef4974f29afeb2d3ba227c5da>:0 
  at System.Reflection.MethodBase.Invoke (System.Object obj, System.Object[] parameters) [0x00000] in <3dd5df5ef4974f29afeb2d3ba227c5da>:0 
  at UnityEditor.EditorAssemblies.ProcessInitializeOnLoadMethodAttributes () [0x000a5] in <70229d9c56924d7794599e8f1526153f>:0 
UnityEngine.StackTraceUtility:ExtractStackTrace ()
UnityEngine.DebugLogHandler:LogFormat (UnityEngine.LogType,UnityEngine.Object,string,object[])
UnityEngine.Logger:Log (UnityEngine.LogType,object)
UnityEngine.Debug:LogError (object)
UnityEditor.EditorAssemblies:ProcessInitializeOnLoadMethodAttributes ()

Mono: successfully reloaded assembly
[Package Manager] Server::EnsureServerProcessIsRunning -- launch failed, reason: Unity was launched with the -noUpm command-line argument
[Package Manager] UpmClient::Send -- Unable to send message (not connected to UPM process).
[Package Manager] Cannot connect to Unity Package Manager local server
- Completed reload, in  0.748 seconds
Domain Reload Profiling:
	ReloadAssembly (749ms)
		BeginReloadAssembly (98ms)
			ExecutionOrderSort (0ms)
			DisableScriptedObjects (3ms)
			BackupInstance (0ms)
			ReleaseScriptingObjects (0ms)
			CreateAndSetChildDomain (29ms)
		EndReloadAssembly (588ms)
			LoadAssemblies (53ms)
			RebuildTransferFunctionScriptingTraits (0ms)
			SetupTypeCache (193ms)
				TypeCache.Initialize (190ms)
					TypeCache.ScanAssembly (185ms)
				ResolveRequiredComponents (3ms)
			ReleaseScriptCaches (1ms)
			RebuildScriptCaches (30ms)
			SetupLoadedEditorAssemblies (271ms)
				LogAssemblyErrors (0ms)
				InitializePlatformSupportModulesInManaged (16ms)
				SetLoadedEditorAssemblies (4ms)
				RefreshPlugins (1ms)
				BeforeProcessingInitializeOnLoad (43ms)
				ProcessInitializeOnLoadAttributes (177ms)
				ProcessInitializeOnLoadMethodAttributes (27ms)
				AfterProcessingInitializeOnLoad (3ms)
				EditorAssembliesLoaded (0ms)
			ExecutionOrderSort2 (0ms)
			AwakeInstancesAfterBackupRestoration (4ms)
Platform modules already initialized, skipping
Refreshing native plugins compatible for Editor in 4.77 ms, found 11 plugins.
Preloading 1 native plugins for Editor in 0.07 ms.
Unloading 4392 Unused Serialized files (Serialized files now loaded: 0)
Unloading 39 unused Assets / (89.5 KB). Loaded Objects now: 4884.
Memory consumption went from 0.66 GB to 0.66 GB.
Total: 4.449400 ms (FindLiveObjects: 0.368300 ms CreateObjectMapping: 0.158500 ms MarkObjects: 3.802900 ms  DeleteObjects: 0.118200 ms)

AssetImportParameters requested are different than current active one (requested -> active):
  custom:video-decoder-ogg-theora: a1e56fd34408186e4bbccfd4996cb3dc -> 
  custom:container-muxer-webm: aa71ff27fc2769a1b78a27578f13a17b -> 
  custom:container-demuxer-webm: 4f35f7cbe854078d1ac9338744f61a02 -> 
  custom:video-encoder-webm-vp8: eb34c28f22e8b96e1ab97ce403110664 -> 
  custom:audio-encoder-webm-vorbis: bf7c407c2cedff20999df2af8eb42d56 -> 
  custom:framework-win-MediaFoundation: 216162199b28c13a410421893ffa2e32 -> 
  custom:container-demuxer-ogg: 62fdf1f143b41e24485cea50d1cbac27 -> 
  custom:video-decoder-webm-vp8: 9c59270c3fd7afecdb556c50c9e8de78 -> 
  custom:audio-decoder-ogg-vorbis: bf7c407c2cedff20999df2af8eb42d56 -> 
========================================================================
Received Prepare
Registering precompiled user dll's ...
Registered in 0.004214 seconds.
Begin MonoManager ReloadAssembly
Symbol file LoadedFromMemory doesn't match image C:\Users\ajhor\Documents\GitHub\LockedIN\Library\PackageCache\com.unity.visualscripting@1.7.8\Editor\VisualScripting.Core\Dependencies\DotNetZip\Unity.VisualScripting.IonicZip.dll
Symbol file LoadedFromMemory doesn't match image C:\Users\ajhor\Documents\GitHub\LockedIN\Library\PackageCache\com.unity.visualscripting@1.7.8\Editor\VisualScripting.Core\Dependencies\YamlDotNet\Unity.VisualScripting.YamlDotNet.dll
Native extension for WindowsStandalone target not found
Native extension for Android target not found
Native extension for WebGL target not found
Refreshing native plugins compatible for Editor in 0.81 ms, found 11 plugins.
Preloading 1 native plugins for Editor in 0.07 ms.
[Package Manager] Server::EnsureServerProcessIsRunning -- launch failed, reason: Unity was launched with the -noUpm command-line argument
[Package Manager] UpmClient::Send -- Unable to send message (not connected to UPM process).
[Package Manager] Cannot connect to Unity Package Manager local server
System.Reflection.TargetInvocationException: Exception has been thrown by the target of an invocation. ---> System.NullReferenceException: Object reference not set to an instance of an object
  at Unity.XR.Oculus.OculusLoader.AssetPathToAbsolutePath (System.String assetPath) [0x0003d] in C:\Users\ajhor\Documents\GitHub\LockedIN\Library\PackageCache\com.unity.xr.oculus@3.2.3\Runtime\OculusLoader.cs:296 
  at Unity.XR.Oculus.OculusLoader.EditorLoadOVRPlugin () [0x0007b] in C:\Users\ajhor\Documents\GitHub\LockedIN\Library\PackageCache\com.unity.xr.oculus@3.2.3\Runtime\OculusLoader.cs:281 
  at (wrapper managed-to-native) System.Reflection.RuntimeMethodInfo.InternalInvoke(System.Reflection.RuntimeMethodInfo,object,object[],System.Exception&)
  at System.Reflection.RuntimeMethodInfo.Invoke (System.Object obj, System.Reflection.BindingFlags invokeAttr, System.Reflection.Binder binder, System.Object[] parameters, System.Globalization.CultureInfo culture) [0x0006a] in <3dd5df5ef4974f29afeb2d3ba227c5da>:0 
   --- End of inner exception stack trace ---
  at System.Reflection.RuntimeMethodInfo.Invoke (System.Object obj, System.Reflection.BindingFlags invokeAttr, System.Reflection.Binder binder, System.Object[] parameters, System.Globalization.CultureInfo culture) [0x00083] in <3dd5df5ef4974f29afeb2d3ba227c5da>:0 
  at System.Reflection.MethodBase.Invoke (System.Object obj, System.Object[] parameters) [0x00000] in <3dd5df5ef4974f29afeb2d3ba227c5da>:0 
  at UnityEditor.EditorAssemblies.ProcessInitializeOnLoadMethodAttributes () [0x000a5] in <70229d9c56924d7794599e8f1526153f>:0 
UnityEngine.StackTraceUtility:ExtractStackTrace ()
UnityEngine.DebugLogHandler:LogFormat (UnityEngine.LogType,UnityEngine.Object,string,object[])
UnityEngine.Logger:Log (UnityEngine.LogType,object)
UnityEngine.Debug:LogError (object)
UnityEditor.EditorAssemblies:ProcessInitializeOnLoadMethodAttributes ()

Mono: successfully reloaded assembly
[Package Manager] Server::EnsureServerProcessIsRunning -- launch failed, reason: Unity was launched with the -noUpm command-line argument
[Package Manager] UpmClient::Send -- Unable to send message (not connected to UPM process).
[Package Manager] Cannot connect to Unity Package Manager local server
- Completed reload, in  0.727 seconds
Domain Reload Profiling:
	ReloadAssembly (728ms)
		BeginReloadAssembly (91ms)
			ExecutionOrderSort (0ms)
			DisableScriptedObjects (3ms)
			BackupInstance (0ms)
			ReleaseScriptingObjects (0ms)
			CreateAndSetChildDomain (29ms)
		EndReloadAssembly (575ms)
			LoadAssemblies (53ms)
			RebuildTransferFunctionScriptingTraits (0ms)
			SetupTypeCache (189ms)
				TypeCache.Initialize (186ms)
					TypeCache.ScanAssembly (181ms)
				ResolveRequiredComponents (3ms)
			ReleaseScriptCaches (1ms)
			RebuildScriptCaches (27ms)
			SetupLoadedEditorAssemblies (268ms)
				LogAssemblyErrors (0ms)
				InitializePlatformSupportModulesInManaged (16ms)
				SetLoadedEditorAssemblies (5ms)
				RefreshPlugins (1ms)
				BeforeProcessingInitializeOnLoad (43ms)
				ProcessInitializeOnLoadAttributes (173ms)
				ProcessInitializeOnLoadMethodAttributes (27ms)
				AfterProcessingInitializeOnLoad (3ms)
				EditorAssembliesLoaded (0ms)
			ExecutionOrderSort2 (0ms)
			AwakeInstancesAfterBackupRestoration (4ms)
Platform modules already initialized, skipping
Refreshing native plugins compatible for Editor in 5.02 ms, found 11 plugins.
Preloading 1 native plugins for Editor in 0.07 ms.
Unloading 4392 Unused Serialized files (Serialized files now loaded: 0)
Unloading 39 unused Assets / (89.5 KB). Loaded Objects now: 4888.
Memory consumption went from 0.66 GB to 0.66 GB.
Total: 3.909000 ms (FindLiveObjects: 0.395700 ms CreateObjectMapping: 0.172900 ms MarkObjects: 3.223800 ms  DeleteObjects: 0.114700 ms)

AssetImportParameters requested are different than current active one (requested -> active):
  custom:video-decoder-ogg-theora: a1e56fd34408186e4bbccfd4996cb3dc -> 
  custom:container-muxer-webm: aa71ff27fc2769a1b78a27578f13a17b -> 
  custom:container-demuxer-webm: 4f35f7cbe854078d1ac9338744f61a02 -> 
  custom:video-encoder-webm-vp8: eb34c28f22e8b96e1ab97ce403110664 -> 
  custom:audio-encoder-webm-vorbis: bf7c407c2cedff20999df2af8eb42d56 -> 
  custom:framework-win-MediaFoundation: 216162199b28c13a410421893ffa2e32 -> 
  custom:container-demuxer-ogg: 62fdf1f143b41e24485cea50d1cbac27 -> 
  custom:video-decoder-webm-vp8: 9c59270c3fd7afecdb556c50c9e8de78 -> 
  custom:audio-decoder-ogg-vorbis: bf7c407c2cedff20999df2af8eb42d56 -> 
========================================================================
Received Import Request.
  Time since last request: 603795.531542 seconds.
  path: Assets/Jewel Pack/Prefabs/Gems - Aquamarine/gem_02.prefab
  artifactKey: Guid(dd80fe75a6c714c02ba3a4bb4a053e75) Importer(815301076,1909f56bfc062723c751e8b465ee728b)
Start importing Assets/Jewel Pack/Prefabs/Gems - Aquamarine/gem_02.prefab using Guid(dd80fe75a6c714c02ba3a4bb4a053e75) Importer(815301076,1909f56bfc062723c751e8b465ee728b)  -> (artifact id: '749ac04927f2a98e82939f8a4354533f') in 0.198068 seconds 
========================================================================
Received Import Request.
  Time since last request: 0.000025 seconds.
  path: Assets/Jewel Pack/Prefabs/Gems - Aquamarine/gem_05.prefab
  artifactKey: Guid(88a92133eaea34cadb25bb336e652a9c) Importer(815301076,1909f56bfc062723c751e8b465ee728b)
Start importing Assets/Jewel Pack/Prefabs/Gems - Aquamarine/gem_05.prefab using Guid(88a92133eaea34cadb25bb336e652a9c) Importer(815301076,1909f56bfc062723c751e8b465ee728b)  -> (artifact id: '81741b8c12cb06a91bd340a457878a0c') in 0.032377 seconds 
========================================================================
Received Import Request.
  Time since last request: 0.000031 seconds.
  path: Assets/Jewel Pack/Prefabs/Gems - Aquamarine/gem_03.prefab
  artifactKey: Guid(6f8b227a294a042a1b5c03e15e9be2eb) Importer(815301076,1909f56bfc062723c751e8b465ee728b)
Start importing Assets/Jewel Pack/Prefabs/Gems - Aquamarine/gem_03.prefab using Guid(6f8b227a294a042a1b5c03e15e9be2eb) Importer(815301076,1909f56bfc062723c751e8b465ee728b)  -> (artifact id: 'e033b5d136471c4da30d5d799f996b96') in 0.025462 seconds 
========================================================================
Received Import Request.
  Time since last request: 0.000041 seconds.
  path: Assets/Jewel Pack/Prefabs/Gems - Aquamarine/gem_04.prefab
  artifactKey: Guid(d31e493ab3a644b2aa04c555917e3dad) Importer(815301076,1909f56bfc062723c751e8b465ee728b)
Start importing Assets/Jewel Pack/Prefabs/Gems - Aquamarine/gem_04.prefab using Guid(d31e493ab3a644b2aa04c555917e3dad) Importer(815301076,1909f56bfc062723c751e8b465ee728b)  -> (artifact id: 'f294ba5c19ae07f59169a1d2b12d7a01') in 0.026255 seconds 
========================================================================
Received Import Request.
  Time since last request: 0.000023 seconds.
  path: Assets/Jewel Pack/Prefabs/Gems - Aquamarine/gem_13.prefab
  artifactKey: Guid(6ec01d418e191427c948b64657a7058c) Importer(815301076,1909f56bfc062723c751e8b465ee728b)
Start importing Assets/Jewel Pack/Prefabs/Gems - Aquamarine/gem_13.prefab using Guid(6ec01d418e191427c948b64657a7058c) Importer(815301076,1909f56bfc062723c751e8b465ee728b)  -> (artifact id: 'fd2528f453e68675eb3c6f69a85d5975') in 0.025078 seconds 
========================================================================
Received Import Request.
  Time since last request: 0.000026 seconds.
  path: Assets/Jewel Pack/Prefabs/Gems - Aquamarine/gem_18.prefab
  artifactKey: Guid(1f6af2a22ef4d4cc78f5a2a72cc3786e) Importer(815301076,1909f56bfc062723c751e8b465ee728b)
Start importing Assets/Jewel Pack/Prefabs/Gems - Aquamarine/gem_18.prefab using Guid(1f6af2a22ef4d4cc78f5a2a72cc3786e) Importer(815301076,1909f56bfc062723c751e8b465ee728b)  -> (artifact id: 'c405708a853c259843cbc0ab9a16c187') in 0.022588 seconds 
========================================================================
Received Import Request.
  Time since last request: 0.000022 seconds.
  path: Assets/Jewel Pack/Prefabs/Gems - Aquamarine/gem_12.prefab
  artifactKey: Guid(36bc4853bdbcd4d2a9945c8462b4da7e) Importer(815301076,1909f56bfc062723c751e8b465ee728b)
Start importing Assets/Jewel Pack/Prefabs/Gems - Aquamarine/gem_12.prefab using Guid(36bc4853bdbcd4d2a9945c8462b4da7e) Importer(815301076,1909f56bfc062723c751e8b465ee728b)  -> (artifact id: 'a8cc1f73091ced7d28cedab15968bcb8') in 0.025276 seconds 
========================================================================
Received Import Request.
  Time since last request: 0.000025 seconds.
  path: Assets/Jewel Pack/Prefabs/Gems - Aquamarine/gem_09.prefab
  artifactKey: Guid(b4e84aed159f24705af995d36fcd71b8) Importer(815301076,1909f56bfc062723c751e8b465ee728b)
Start importing Assets/Jewel Pack/Prefabs/Gems - Aquamarine/gem_09.prefab using Guid(b4e84aed159f24705af995d36fcd71b8) Importer(815301076,1909f56bfc062723c751e8b465ee728b)  -> (artifact id: 'd3a1b42650f9996529e1604aefb9a367') in 0.027147 seconds 
========================================================================
Received Import Request.
  Time since last request: 7.030911 seconds.
  path: Assets/Jewel Pack/Prefabs/Gems - Purple Dark/gem_02.prefab
  artifactKey: Guid(d0e3b430548274a079a47c72c727caa8) Importer(815301076,1909f56bfc062723c751e8b465ee728b)
Start importing Assets/Jewel Pack/Prefabs/Gems - Purple Dark/gem_02.prefab using Guid(d0e3b430548274a079a47c72c727caa8) Importer(815301076,1909f56bfc062723c751e8b465ee728b)  -> (artifact id: '7b4176708513314271395f60a1dc8b0e') in 0.037647 seconds 
========================================================================
Received Import Request.
  Time since last request: 0.000030 seconds.
  path: Assets/Jewel Pack/Prefabs/Gems - Purple Dark/gem_11.prefab
  artifactKey: Guid(61b9bad521a3b44b790cf16c5c4195dc) Importer(815301076,1909f56bfc062723c751e8b465ee728b)
Start importing Assets/Jewel Pack/Prefabs/Gems - Purple Dark/gem_11.prefab using Guid(61b9bad521a3b44b790cf16c5c4195dc) Importer(815301076,1909f56bfc062723c751e8b465ee728b)  -> (artifact id: '31ce5ef3fba39fb0188a14e7f661b4f0') in 0.025199 seconds 
========================================================================
Received Import Request.
  Time since last request: 0.000029 seconds.
  path: Assets/Jewel Pack/Prefabs/Gems - Purple Dark/gem_16.prefab
  artifactKey: Guid(6accb572b77a54108a1d726b32e5f565) Importer(815301076,1909f56bfc062723c751e8b465ee728b)
Start importing Assets/Jewel Pack/Prefabs/Gems - Purple Dark/gem_16.prefab using Guid(6accb572b77a54108a1d726b32e5f565) Importer(815301076,1909f56bfc062723c751e8b465ee728b)  -> (artifact id: 'f82c8cdec96c4f2a3522fe75321d2856') in 0.024513 seconds 
========================================================================
Received Import Request.
  Time since last request: 0.000023 seconds.
  path: Assets/Jewel Pack/Prefabs/Gems - Purple Dark/gem_08.prefab
  artifactKey: Guid(bbfdd91dffc9441d78b867ac0e5a1b7b) Importer(815301076,1909f56bfc062723c751e8b465ee728b)
Start importing Assets/Jewel Pack/Prefabs/Gems - Purple Dark/gem_08.prefab using Guid(bbfdd91dffc9441d78b867ac0e5a1b7b) Importer(815301076,1909f56bfc062723c751e8b465ee728b)  -> (artifact id: '289e8cf86a4e29c6457709accd1b4777') in 0.025514 seconds 
========================================================================
Received Import Request.
  Time since last request: 0.000026 seconds.
  path: Assets/Jewel Pack/Prefabs/Gems - Purple Dark/gem_15.prefab
  artifactKey: Guid(ffa3d6751ac5e4280bf34b5678ac7dae) Importer(815301076,1909f56bfc062723c751e8b465ee728b)
Start importing Assets/Jewel Pack/Prefabs/Gems - Purple Dark/gem_15.prefab using Guid(ffa3d6751ac5e4280bf34b5678ac7dae) Importer(815301076,1909f56bfc062723c751e8b465ee728b)  -> (artifact id: '1682d0b0c0c6f1251a745c4aa13b0096') in 0.024480 seconds 
========================================================================
Received Import Request.
  Time since last request: 13.557149 seconds.
  path: Assets/Jewel Pack/Prefabs/Gems - Crystal/gem_02.prefab
  artifactKey: Guid(8b80c1de33d5e4e589152e893b267fad) Importer(815301076,1909f56bfc062723c751e8b465ee728b)
Start importing Assets/Jewel Pack/Prefabs/Gems - Crystal/gem_02.prefab using Guid(8b80c1de33d5e4e589152e893b267fad) Importer(815301076,1909f56bfc062723c751e8b465ee728b)  -> (artifact id: 'bf8de90fc65ceb72dd5a0f41239c2c37') in 0.031210 seconds 
========================================================================
Received Import Request.
  Time since last request: 0.000021 seconds.
  path: Assets/Jewel Pack/Prefabs/Gems - Crystal/gem_13.prefab
  artifactKey: Guid(de205152cb80c4d49840bb1753a9cbdc) Importer(815301076,1909f56bfc062723c751e8b465ee728b)
Start importing Assets/Jewel Pack/Prefabs/Gems - Crystal/gem_13.prefab using Guid(de205152cb80c4d49840bb1753a9cbdc) Importer(815301076,1909f56bfc062723c751e8b465ee728b)  -> (artifact id: 'f617ff811a90e88152facde9b674fe75') in 0.032183 seconds 
========================================================================
Received Import Request.
  Time since last request: 0.000022 seconds.
  path: Assets/Jewel Pack/Prefabs/Gems - Crystal/gem_07.prefab
  artifactKey: Guid(ee0e2d669d84b4f8db5f54a283287047) Importer(815301076,1909f56bfc062723c751e8b465ee728b)
Start importing Assets/Jewel Pack/Prefabs/Gems - Crystal/gem_07.prefab using Guid(ee0e2d669d84b4f8db5f54a283287047) Importer(815301076,1909f56bfc062723c751e8b465ee728b)  -> (artifact id: 'fed83a10958b48688740d7bd91dc3ed5') in 0.023036 seconds 
========================================================================
Received Import Request.
  Time since last request: 0.000024 seconds.
  path: Assets/Jewel Pack/Prefabs/Gems - Crystal/gem_16.prefab
  artifactKey: Guid(3c3bfcd803a714e3399490cf5f991de3) Importer(815301076,1909f56bfc062723c751e8b465ee728b)
Start importing Assets/Jewel Pack/Prefabs/Gems - Crystal/gem_16.prefab using Guid(3c3bfcd803a714e3399490cf5f991de3) Importer(815301076,1909f56bfc062723c751e8b465ee728b)  -> (artifact id: 'dccb13bf6491fc2b4a74dc503b5977d4') in 0.025685 seconds 
========================================================================
Received Import Request.
  Time since last request: 7.827763 seconds.
  path: Assets/Jewel Pack/Prefabs/Gems - Cyan/gem_02.prefab
  artifactKey: Guid(2ebecaa6f180246c69f9eb152df41d80) Importer(815301076,1909f56bfc062723c751e8b465ee728b)
Start importing Assets/Jewel Pack/Prefabs/Gems - Cyan/gem_02.prefab using Guid(2ebecaa6f180246c69f9eb152df41d80) Importer(815301076,1909f56bfc062723c751e8b465ee728b)  -> (artifact id: '58c93c799315869d754798e7a4d551a6') in 0.026675 seconds 
========================================================================
Received Import Request.
  Time since last request: 0.000035 seconds.
  path: Assets/Jewel Pack/Prefabs/Gems - Cyan/gem_08.prefab
  artifactKey: Guid(67d1cb3a2224d44519297205ad070b27) Importer(815301076,1909f56bfc062723c751e8b465ee728b)
Start importing Assets/Jewel Pack/Prefabs/Gems - Cyan/gem_08.prefab using Guid(67d1cb3a2224d44519297205ad070b27) Importer(815301076,1909f56bfc062723c751e8b465ee728b)  -> (artifact id: 'e833312573ff3f935d8e5bf474174037') in 0.034362 seconds 
========================================================================
Received Import Request.
  Time since last request: 0.000024 seconds.
  path: Assets/Jewel Pack/Prefabs/Gems - Cyan/gem_12.prefab
  artifactKey: Guid(7a0c2201f996449b8a1c800fa0a509d1) Importer(815301076,1909f56bfc062723c751e8b465ee728b)
Start importing Assets/Jewel Pack/Prefabs/Gems - Cyan/gem_12.prefab using Guid(7a0c2201f996449b8a1c800fa0a509d1) Importer(815301076,1909f56bfc062723c751e8b465ee728b)  -> (artifact id: '3c1e585550d0b9767f2db88774caa0ac') in 0.024190 seconds 
========================================================================
Received Import Request.
  Time since last request: 0.000023 seconds.
  path: Assets/Jewel Pack/Prefabs/Gems - Cyan/gem_16.prefab
  artifactKey: Guid(8f09ab329845f489bb74786696c202d6) Importer(815301076,1909f56bfc062723c751e8b465ee728b)
Start importing Assets/Jewel Pack/Prefabs/Gems - Cyan/gem_16.prefab using Guid(8f09ab329845f489bb74786696c202d6) Importer(815301076,1909f56bfc062723c751e8b465ee728b)  -> (artifact id: '0c46cd80712d1405073c6521f6ccff61') in 0.027096 seconds 
========================================================================
Received Import Request.
  Time since last request: 1.766016 seconds.
  path: Assets/Jewel Pack/Prefabs/Gems - Yellow/gem_02.prefab
  artifactKey: Guid(2cb4794d36e2848a7a6da22dde9e5111) Importer(815301076,1909f56bfc062723c751e8b465ee728b)
Start importing Assets/Jewel Pack/Prefabs/Gems - Yellow/gem_02.prefab using Guid(2cb4794d36e2848a7a6da22dde9e5111) Importer(815301076,1909f56bfc062723c751e8b465ee728b)  -> (artifact id: '2c06e1774554be00e43000a129e7f045') in 0.030300 seconds 
========================================================================
Received Import Request.
  Time since last request: 0.000025 seconds.
  path: Assets/Jewel Pack/Prefabs/Gems - Yellow/gem_08.prefab
  artifactKey: Guid(3394356637fef427a8d6ae0d658056bc) Importer(815301076,1909f56bfc062723c751e8b465ee728b)
Start importing Assets/Jewel Pack/Prefabs/Gems - Yellow/gem_08.prefab using Guid(3394356637fef427a8d6ae0d658056bc) Importer(815301076,1909f56bfc062723c751e8b465ee728b)  -> (artifact id: '0b767529b2289d60a164a0b17d13b283') in 0.026888 seconds 
========================================================================
Received Import Request.
  Time since last request: 0.000025 seconds.
  path: Assets/Jewel Pack/Prefabs/Gems - Yellow/gem_18.prefab
  artifactKey: Guid(59e86460fe9a64a56b12593153dfa163) Importer(815301076,1909f56bfc062723c751e8b465ee728b)
Start importing Assets/Jewel Pack/Prefabs/Gems - Yellow/gem_18.prefab using Guid(59e86460fe9a64a56b12593153dfa163) Importer(815301076,1909f56bfc062723c751e8b465ee728b)  -> (artifact id: 'be4f8c5d39a397bdd783d10d5f797a3d') in 0.029455 seconds 
========================================================================
Received Import Request.
  Time since last request: 0.000024 seconds.
  path: Assets/Jewel Pack/Prefabs/Gems - Yellow/gem_14.prefab
  artifactKey: Guid(7c4e34cae855f45378f2973686ae5df8) Importer(815301076,1909f56bfc062723c751e8b465ee728b)
Start importing Assets/Jewel Pack/Prefabs/Gems - Yellow/gem_14.prefab using Guid(7c4e34cae855f45378f2973686ae5df8) Importer(815301076,1909f56bfc062723c751e8b465ee728b)  -> (artifact id: '5a9d173d9dae9b69c11dc428f6469078') in 0.024161 seconds 
========================================================================
Received Import Request.
  Time since last request: 0.699333 seconds.
  path: Assets/Jewel Pack/Prefabs/Gems - Rose/gem_02.prefab
  artifactKey: Guid(f2855442718784463888357980ae7310) Importer(815301076,1909f56bfc062723c751e8b465ee728b)
Start importing Assets/Jewel Pack/Prefabs/Gems - Rose/gem_02.prefab using Guid(f2855442718784463888357980ae7310) Importer(815301076,1909f56bfc062723c751e8b465ee728b)  -> (artifact id: '4deb0d59c30c8f15635adb2d06f64ac8') in 0.031220 seconds 
========================================================================
Received Import Request.
  Time since last request: 0.000025 seconds.
  path: Assets/Jewel Pack/Prefabs/Gems - Rose/gem_15.prefab
  artifactKey: Guid(086649f0dd10b415aa3b7edceb1ef00d) Importer(815301076,1909f56bfc062723c751e8b465ee728b)
Start importing Assets/Jewel Pack/Prefabs/Gems - Rose/gem_15.prefab using Guid(086649f0dd10b415aa3b7edceb1ef00d) Importer(815301076,1909f56bfc062723c751e8b465ee728b)  -> (artifact id: '82a7e9fac9653d6a8ae2437091991509') in 0.030079 seconds 
========================================================================
Received Import Request.
  Time since last request: 0.000022 seconds.
  path: Assets/Jewel Pack/Prefabs/Gems - Rose/gem_17.prefab
  artifactKey: Guid(b36cc1c270cd24b9c9f1b065b4d69a5e) Importer(815301076,1909f56bfc062723c751e8b465ee728b)
Start importing Assets/Jewel Pack/Prefabs/Gems - Rose/gem_17.prefab using Guid(b36cc1c270cd24b9c9f1b065b4d69a5e) Importer(815301076,1909f56bfc062723c751e8b465ee728b)  -> (artifact id: 'd26c857d0b6767e5fe30bb9420cdfb55') in 0.026105 seconds 
========================================================================
Received Import Request.
  Time since last request: 0.000023 seconds.
  path: Assets/Jewel Pack/Prefabs/Gems - Rose/gem_13.prefab
  artifactKey: Guid(0e2fae24494e14dccb3856ef79b38464) Importer(815301076,1909f56bfc062723c751e8b465ee728b)
Start importing Assets/Jewel Pack/Prefabs/Gems - Rose/gem_13.prefab using Guid(0e2fae24494e14dccb3856ef79b38464) Importer(815301076,1909f56bfc062723c751e8b465ee728b)  -> (artifact id: '54818fa635ba940a929bb6701e30d634') in 0.025768 seconds 
========================================================================
Received Import Request.
  Time since last request: 0.965505 seconds.
  path: Assets/Jewel Pack/Prefabs/Gems - Red/gem_02.prefab
  artifactKey: Guid(5afac5f23b1954bc49a29867076d017d) Importer(815301076,1909f56bfc062723c751e8b465ee728b)
Start importing Assets/Jewel Pack/Prefabs/Gems - Red/gem_02.prefab using Guid(5afac5f23b1954bc49a29867076d017d) Importer(815301076,1909f56bfc062723c751e8b465ee728b)  -> (artifact id: '27b3054940251f0f01b9d408d9f0a811') in 0.027397 seconds 
========================================================================
Received Import Request.
  Time since last request: 0.000024 seconds.
  path: Assets/Jewel Pack/Prefabs/Gems - Red/gem_11.prefab
  artifactKey: Guid(279c7e51281f445c39dba43e5c59d776) Importer(815301076,1909f56bfc062723c751e8b465ee728b)
Start importing Assets/Jewel Pack/Prefabs/Gems - Red/gem_11.prefab using Guid(279c7e51281f445c39dba43e5c59d776) Importer(815301076,1909f56bfc062723c751e8b465ee728b)  -> (artifact id: '9a20733fb6f8c2a7fcdd15f730b55d50') in 0.029267 seconds 
========================================================================
Received Import Request.
  Time since last request: 0.000026 seconds.
  path: Assets/Jewel Pack/Prefabs/Gems - Red/gem_18.prefab
  artifactKey: Guid(666b183738d884820a8f09481e17a695) Importer(815301076,1909f56bfc062723c751e8b465ee728b)
Start importing Assets/Jewel Pack/Prefabs/Gems - Red/gem_18.prefab using Guid(666b183738d884820a8f09481e17a695) Importer(815301076,1909f56bfc062723c751e8b465ee728b)  -> (artifact id: '8e4c18af35f28b95c2d91f678e2b8bbb') in 0.029211 seconds 
Editor requested this worker to shutdown with reason: Scaling down because of idle timeout
AssetImportWorker is now disconnected from the server
Process exiting
Exiting without the bug reporter. Application will terminate with return code 0