Using pre-set license
Built from '2022.1/staging' branch; Version is '2022.1.22f1 (6b6e9fc2adda) revision 7040671'; Using compiler version '192829333'; Build Type 'Release'
OS: 'Windows 11  (10.0.22621) 64bit Core' Language: 'en' Physical Memory: 16085 MB
BatchMode: 1, IsHumanControllingUs: 0, StartBugReporterOnCrash: 0, Is64bit: 1, IsPro: 1

COMMAND LINE ARGUMENTS:
C:\Program Files\Unity\Hub\Editor\2022.1.22f1\Editor\Unity.exe
-adb2
-batchMode
-noUpm
-name
AssetImportWorker7
-projectPath
C:/Users/ajhor/Documents/GitHub/LockedIN
-logFile
Logs/AssetImportWorker7.log
-srvPort
52506
Successfully changed project path to: C:/Users/ajhor/Documents/GitHub/LockedIN
C:/Users/ajhor/Documents/GitHub/LockedIN
[UnityMemory] Configuration Parameters - Can be set up in boot.config
    "memorysetup-bucket-allocator-granularity=16"
    "memorysetup-bucket-allocator-bucket-count=8"
    "memorysetup-bucket-allocator-block-size=33554432"
    "memorysetup-bucket-allocator-block-count=8"
    "memorysetup-main-allocator-block-size=16777216"
    "memorysetup-thread-allocator-block-size=16777216"
    "memorysetup-gfx-main-allocator-block-size=16777216"
    "memorysetup-gfx-thread-allocator-block-size=16777216"
    "memorysetup-cache-allocator-block-size=4194304"
    "memorysetup-typetree-allocator-block-size=2097152"
    "memorysetup-profiler-bucket-allocator-granularity=16"
    "memorysetup-profiler-bucket-allocator-bucket-count=8"
    "memorysetup-profiler-bucket-allocator-block-size=33554432"
    "memorysetup-profiler-bucket-allocator-block-count=8"
    "memorysetup-profiler-allocator-block-size=16777216"
    "memorysetup-profiler-editor-allocator-block-size=1048576"
    "memorysetup-temp-allocator-size-main=16777216"
    "memorysetup-job-temp-allocator-block-size=2097152"
    "memorysetup-job-temp-allocator-block-size-background=1048576"
    "memorysetup-job-temp-allocator-reduction-small-platforms=262144"
    "memorysetup-temp-allocator-size-background-worker=32768"
    "memorysetup-temp-allocator-size-job-worker=262144"
    "memorysetup-temp-allocator-size-preload-manager=33554432"
    "memorysetup-temp-allocator-size-nav-mesh-worker=65536"
    "memorysetup-temp-allocator-size-audio-worker=65536"
    "memorysetup-temp-allocator-size-cloud-worker=32768"
    "memorysetup-temp-allocator-size-gi-baking-worker=262144"
    "memorysetup-temp-allocator-size-gfx=262144"
Refreshing native plugins compatible for Editor in 369.72 ms, found 11 plugins.
Preloading 1 native plugins for Editor in 4.72 ms.
Initialize engine version: 2022.1.22f1 (6b6e9fc2adda)
[Subsystems] Discovering subsystems at path C:/Program Files/Unity/Hub/Editor/2022.1.22f1/Editor/Data/Resources/UnitySubsystems
[Subsystems] Discovering subsystems at path C:/Users/ajhor/Documents/GitHub/LockedIN/Assets
GfxDevice: creating device client; threaded=0; jobified=0
Direct3D:
    Version:  Direct3D 11.0 [level 11.1]
    Renderer: NVIDIA GeForce RTX 3070 Ti Laptop GPU (ID=0x24a0)
    Vendor:   NVIDIA
    VRAM:     8032 MB
    Driver:   31.0.15.2901
Initialize mono
Mono path[0] = 'C:/Program Files/Unity/Hub/Editor/2022.1.22f1/Editor/Data/Managed'
Mono path[1] = 'C:/Program Files/Unity/Hub/Editor/2022.1.22f1/Editor/Data/MonoBleedingEdge/lib/mono/unityjit-win32'
Mono config path = 'C:/Program Files/Unity/Hub/Editor/2022.1.22f1/Editor/Data/MonoBleedingEdge/etc'
Using monoOptions --debugger-agent=transport=dt_socket,embedding=1,server=y,suspend=n,address=127.0.0.1:56636
Begin MonoManager ReloadAssembly
Registering precompiled unity dll's ...
Register platform support module: C:/Program Files/Unity/Hub/Editor/2022.1.22f1/Editor/Data/PlaybackEngines/WebGLSupport/UnityEditor.WebGL.Extensions.dll
Register platform support module: C:/Program Files/Unity/Hub/Editor/2022.1.22f1/Editor/Data/PlaybackEngines/AndroidPlayer/UnityEditor.Android.Extensions.dll
Register platform support module: C:/Program Files/Unity/Hub/Editor/2022.1.22f1/Editor/Data/PlaybackEngines/WindowsStandaloneSupport/UnityEditor.WindowsStandalone.Extensions.dll
Registered in 0.004332 seconds.
Native extension for WindowsStandalone target not found
Native extension for Android target not found
Native extension for WebGL target not found
Refreshing native plugins compatible for Editor in 67.98 ms, found 11 plugins.
Preloading 1 native plugins for Editor in 0.13 ms.
Mono: successfully reloaded assembly
- Completed reload, in  1.323 seconds
Domain Reload Profiling:
	ReloadAssembly (1323ms)
		BeginReloadAssembly (50ms)
			ExecutionOrderSort (0ms)
			DisableScriptedObjects (0ms)
			BackupInstance (0ms)
			ReleaseScriptingObjects (0ms)
			CreateAndSetChildDomain (1ms)
		EndReloadAssembly (979ms)
			LoadAssemblies (48ms)
			RebuildTransferFunctionScriptingTraits (0ms)
			SetupTypeCache (710ms)
				TypeCache.Initialize (710ms)
					TypeCache.ScanAssembly (709ms)
				ResolveRequiredComponents (0ms)
			ReleaseScriptCaches (0ms)
			RebuildScriptCaches (17ms)
			SetupLoadedEditorAssemblies (218ms)
				LogAssemblyErrors (0ms)
				InitializePlatformSupportModulesInManaged (37ms)
				SetLoadedEditorAssemblies (6ms)
				RefreshPlugins (68ms)
				BeforeProcessingInitializeOnLoad (1ms)
				ProcessInitializeOnLoadAttributes (64ms)
				ProcessInitializeOnLoadMethodAttributes (42ms)
				AfterProcessingInitializeOnLoad (0ms)
				EditorAssembliesLoaded (0ms)
			ExecutionOrderSort2 (0ms)
			AwakeInstancesAfterBackupRestoration (0ms)
Platform modules already initialized, skipping
Registering precompiled user dll's ...
Registered in 0.004913 seconds.
Android Extension - Scanning For ADB Devices 662 ms
Begin MonoManager ReloadAssembly
Symbol file LoadedFromMemory doesn't match image C:\Users\ajhor\Documents\GitHub\LockedIN\Library\PackageCache\com.unity.visualscripting@1.7.8\Editor\VisualScripting.Core\Dependencies\DotNetZip\Unity.VisualScripting.IonicZip.dll
Symbol file LoadedFromMemory doesn't match image C:\Users\ajhor\Documents\GitHub\LockedIN\Library\PackageCache\com.unity.visualscripting@1.7.8\Editor\VisualScripting.Core\Dependencies\YamlDotNet\Unity.VisualScripting.YamlDotNet.dll
Native extension for WindowsStandalone target not found
Native extension for Android target not found
Native extension for WebGL target not found
Refreshing native plugins compatible for Editor in 75.78 ms, found 11 plugins.
Preloading 1 native plugins for Editor in 0.04 ms.
Package Manager log level set to [2]
[Package Manager] Server::EnsureServerProcessIsRunning -- launch failed, reason: Unity was launched with the -noUpm command-line argument
[Package Manager] UpmClient::Send -- Unable to send message (not connected to UPM process).
[Package Manager] Cannot connect to Unity Package Manager local server
System.Reflection.TargetInvocationException: Exception has been thrown by the target of an invocation. ---> System.NullReferenceException: Object reference not set to an instance of an object
  at Unity.XR.Oculus.OculusLoader.AssetPathToAbsolutePath (System.String assetPath) [0x0003d] in C:\Users\ajhor\Documents\GitHub\LockedIN\Library\PackageCache\com.unity.xr.oculus@3.2.3\Runtime\OculusLoader.cs:296 
  at Unity.XR.Oculus.OculusLoader.EditorLoadOVRPlugin () [0x0007b] in C:\Users\ajhor\Documents\GitHub\LockedIN\Library\PackageCache\com.unity.xr.oculus@3.2.3\Runtime\OculusLoader.cs:281 
  at (wrapper managed-to-native) System.Reflection.RuntimeMethodInfo.InternalInvoke(System.Reflection.RuntimeMethodInfo,object,object[],System.Exception&)
  at System.Reflection.RuntimeMethodInfo.Invoke (System.Object obj, System.Reflection.BindingFlags invokeAttr, System.Reflection.Binder binder, System.Object[] parameters, System.Globalization.CultureInfo culture) [0x0006a] in <3dd5df5ef4974f29afeb2d3ba227c5da>:0 
   --- End of inner exception stack trace ---
  at System.Reflection.RuntimeMethodInfo.Invoke (System.Object obj, System.Reflection.BindingFlags invokeAttr, System.Reflection.Binder binder, System.Object[] parameters, System.Globalization.CultureInfo culture) [0x00083] in <3dd5df5ef4974f29afeb2d3ba227c5da>:0 
  at System.Reflection.MethodBase.Invoke (System.Object obj, System.Object[] parameters) [0x00000] in <3dd5df5ef4974f29afeb2d3ba227c5da>:0 
  at UnityEditor.EditorAssemblies.ProcessInitializeOnLoadMethodAttributes () [0x000a5] in <70229d9c56924d7794599e8f1526153f>:0 
UnityEngine.StackTraceUtility:ExtractStackTrace ()
UnityEngine.DebugLogHandler:LogFormat (UnityEngine.LogType,UnityEngine.Object,string,object[])
UnityEngine.Logger:Log (UnityEngine.LogType,object)
UnityEngine.Debug:LogError (object)
UnityEditor.EditorAssemblies:ProcessInitializeOnLoadMethodAttributes ()

Mono: successfully reloaded assembly
[Package Manager] Server::EnsureServerProcessIsRunning -- launch failed, reason: Unity was launched with the -noUpm command-line argument
[Package Manager] UpmClient::Send -- Unable to send message (not connected to UPM process).
[Package Manager] Cannot connect to Unity Package Manager local server
[Package Manager] Server::EnsureServerProcessIsRunning -- launch failed, reason: Unity was launched with the -noUpm command-line argument
[Package Manager] UpmClient::Send -- Unable to send message (not connected to UPM process).
[Package Manager] Cannot connect to Unity Package Manager local server
- Completed reload, in  1.458 seconds
Domain Reload Profiling:
	ReloadAssembly (1458ms)
		BeginReloadAssembly (75ms)
			ExecutionOrderSort (0ms)
			DisableScriptedObjects (3ms)
			BackupInstance (0ms)
			ReleaseScriptingObjects (0ms)
			CreateAndSetChildDomain (16ms)
		EndReloadAssembly (1309ms)
			LoadAssemblies (73ms)
			RebuildTransferFunctionScriptingTraits (0ms)
			SetupTypeCache (187ms)
				TypeCache.Initialize (184ms)
					TypeCache.ScanAssembly (180ms)
				ResolveRequiredComponents (3ms)
			ReleaseScriptCaches (1ms)
			RebuildScriptCaches (39ms)
			SetupLoadedEditorAssemblies (970ms)
				LogAssemblyErrors (0ms)
				InitializePlatformSupportModulesInManaged (8ms)
				SetLoadedEditorAssemblies (4ms)
				RefreshPlugins (76ms)
				BeforeProcessingInitializeOnLoad (60ms)
				ProcessInitializeOnLoadAttributes (790ms)
				ProcessInitializeOnLoadMethodAttributes (27ms)
				AfterProcessingInitializeOnLoad (4ms)
				EditorAssembliesLoaded (0ms)
			ExecutionOrderSort2 (0ms)
			AwakeInstancesAfterBackupRestoration (4ms)
Platform modules already initialized, skipping
========================================================================
Worker process is ready to serve import requests
Launched and connected shader compiler UnityShaderCompiler.exe after 0.06 seconds
Refreshing native plugins compatible for Editor in 1.12 ms, found 11 plugins.
Preloading 1 native plugins for Editor in 0.09 ms.
Unloading 4451 Unused Serialized files (Serialized files now loaded: 0)
Unloading 48 unused Assets / (60.3 KB). Loaded Objects now: 4906.
Memory consumption went from 0.67 GB to 0.67 GB.
Total: 3.063700 ms (FindLiveObjects: 0.254200 ms CreateObjectMapping: 0.129900 ms MarkObjects: 2.584300 ms  DeleteObjects: 0.094200 ms)

AssetImportParameters requested are different than current active one (requested -> active):
  custom:video-decoder-ogg-theora: a1e56fd34408186e4bbccfd4996cb3dc -> 
  custom:container-muxer-webm: aa71ff27fc2769a1b78a27578f13a17b -> 
  custom:container-demuxer-webm: 4f35f7cbe854078d1ac9338744f61a02 -> 
  custom:video-encoder-webm-vp8: eb34c28f22e8b96e1ab97ce403110664 -> 
  custom:audio-encoder-webm-vorbis: bf7c407c2cedff20999df2af8eb42d56 -> 
  custom:framework-win-MediaFoundation: 216162199b28c13a410421893ffa2e32 -> 
  custom:container-demuxer-ogg: 62fdf1f143b41e24485cea50d1cbac27 -> 
  custom:video-decoder-webm-vp8: 9c59270c3fd7afecdb556c50c9e8de78 -> 
  custom:audio-decoder-ogg-vorbis: bf7c407c2cedff20999df2af8eb42d56 -> 
========================================================================
Received Import Request.
  Time since last request: 94576.809530 seconds.
  path: Assets/LowPolyOfficeProps_LITE/Meshes/Chair_Conference_Green.fbx
  artifactKey: Guid(361a346e5fbb4bd4395e265c6eeb4379) Importer(815301076,1909f56bfc062723c751e8b465ee728b)
Start importing Assets/LowPolyOfficeProps_LITE/Meshes/Chair_Conference_Green.fbx using Guid(361a346e5fbb4bd4395e265c6eeb4379) Importer(815301076,1909f56bfc062723c751e8b465ee728b)  -> (artifact id: 'fd780573cd8a0bfdb4748fa67bc7731f') in 0.146449 seconds 
========================================================================
Received Import Request.
  Time since last request: 0.464840 seconds.
  path: Assets/LowPolyOfficeProps_LITE/Meshes/Chair_DeskChair_Green.fbx
  artifactKey: Guid(6d832bf52eee2ba45bcaa8a4d367f5a8) Importer(815301076,1909f56bfc062723c751e8b465ee728b)
Start importing Assets/LowPolyOfficeProps_LITE/Meshes/Chair_DeskChair_Green.fbx using Guid(6d832bf52eee2ba45bcaa8a4d367f5a8) Importer(815301076,1909f56bfc062723c751e8b465ee728b)  -> (artifact id: 'f907bb8f0f6736e854784555f283c494') in 0.021691 seconds 
========================================================================
Received Import Request.
  Time since last request: 0.000030 seconds.
  path: Assets/LowPolyOfficeProps_LITE/Meshes/Chair_DeskChair_Teal.fbx
  artifactKey: Guid(dc9b5596f1b1e3348a0fc0878569d661) Importer(815301076,1909f56bfc062723c751e8b465ee728b)
Start importing Assets/LowPolyOfficeProps_LITE/Meshes/Chair_DeskChair_Teal.fbx using Guid(dc9b5596f1b1e3348a0fc0878569d661) Importer(815301076,1909f56bfc062723c751e8b465ee728b)  -> (artifact id: '4796a15b1a78e89a706cc863ed41f213') in 0.019980 seconds 
========================================================================
Received Import Request.
  Time since last request: 0.894913 seconds.
  path: Assets/LowPolyOfficeProps_LITE/Meshes/Chair_Office_Olive.fbx
  artifactKey: Guid(c54e958544e17304eba517c5336e21fa) Importer(815301076,1909f56bfc062723c751e8b465ee728b)
Start importing Assets/LowPolyOfficeProps_LITE/Meshes/Chair_Office_Olive.fbx using Guid(c54e958544e17304eba517c5336e21fa) Importer(815301076,1909f56bfc062723c751e8b465ee728b)  -> (artifact id: 'ec81fe5d9986dcdcff737b61a1645fd5') in 0.020153 seconds 
========================================================================
Received Import Request.
  Time since last request: 0.000021 seconds.
  path: Assets/LowPolyOfficeProps_LITE/Meshes/Chair_Office_Turquoise.fbx
  artifactKey: Guid(342c39c21ed1cc04ba753e6c8956b102) Importer(815301076,1909f56bfc062723c751e8b465ee728b)
Start importing Assets/LowPolyOfficeProps_LITE/Meshes/Chair_Office_Turquoise.fbx using Guid(342c39c21ed1cc04ba753e6c8956b102) Importer(815301076,1909f56bfc062723c751e8b465ee728b)  -> (artifact id: '9c6692addc6727bc0f2d0a80ef001843') in 0.020464 seconds 
========================================================================
Received Import Request.
  Time since last request: 2.700076 seconds.
  path: Assets/Office Room Furniture/Office/Models/Armchair_1.fbx
  artifactKey: Guid(1b78405856554574c9ed8d6339243555) Importer(815301076,1909f56bfc062723c751e8b465ee728b)
Start importing Assets/Office Room Furniture/Office/Models/Armchair_1.fbx using Guid(1b78405856554574c9ed8d6339243555) Importer(815301076,1909f56bfc062723c751e8b465ee728b)  -> (artifact id: '7a8c34974350b81412e58f2ccf07982a') in 0.047080 seconds 
========================================================================
Received Import Request.
  Time since last request: 11.252706 seconds.
  path: Assets/LowPolyOfficeProps_LITE/Meshes/FilingCabinetThreeStack_Case.fbx
  artifactKey: Guid(bb2647f264e18424b9602c8447ca03b6) Importer(815301076,1909f56bfc062723c751e8b465ee728b)
Start importing Assets/LowPolyOfficeProps_LITE/Meshes/FilingCabinetThreeStack_Case.fbx using Guid(bb2647f264e18424b9602c8447ca03b6) Importer(815301076,1909f56bfc062723c751e8b465ee728b)  -> (artifact id: 'eee2814fdf71149a1ede53428fead7ec') in 0.027145 seconds 
========================================================================
Received Import Request.
  Time since last request: 0.138664 seconds.
  path: Assets/Jewel Pack/Models/gem_03.fbx
  artifactKey: Guid(068ee53e4d6204ab6a2d66eed454ab2f) Importer(815301076,1909f56bfc062723c751e8b465ee728b)
Start importing Assets/Jewel Pack/Models/gem_03.fbx using Guid(068ee53e4d6204ab6a2d66eed454ab2f) Importer(815301076,1909f56bfc062723c751e8b465ee728b)  -> (artifact id: '27e1e3dcbbf67eaf44a028cb97d8ef2b') in 0.022883 seconds 
========================================================================
Received Import Request.
  Time since last request: 0.511279 seconds.
  path: Assets/Jewel Pack/Models/gem_07.fbx
  artifactKey: Guid(04a69148d0283440c96e0a776ed3bf53) Importer(815301076,1909f56bfc062723c751e8b465ee728b)
Start importing Assets/Jewel Pack/Models/gem_07.fbx using Guid(04a69148d0283440c96e0a776ed3bf53) Importer(815301076,1909f56bfc062723c751e8b465ee728b)  -> (artifact id: '7faba3842b28417b71ef48e86149e928') in 0.025093 seconds 
========================================================================
Received Import Request.
  Time since last request: 0.000029 seconds.
  path: Assets/Jewel Pack/Models/gem_12.fbx
  artifactKey: Guid(93d39d1ec7ceb4c23b45d8100aef0db1) Importer(815301076,1909f56bfc062723c751e8b465ee728b)
Start importing Assets/Jewel Pack/Models/gem_12.fbx using Guid(93d39d1ec7ceb4c23b45d8100aef0db1) Importer(815301076,1909f56bfc062723c751e8b465ee728b)  -> (artifact id: '650b94fe386cf6aa7e7cdbdbb4e1bbbe') in 0.021913 seconds 
========================================================================
Received Import Request.
  Time since last request: 1.007551 seconds.
  path: Assets/Jewel Pack/Models/gem_16.fbx
  artifactKey: Guid(f3557841372524d1283f68a4959d4f7f) Importer(815301076,1909f56bfc062723c751e8b465ee728b)
Start importing Assets/Jewel Pack/Models/gem_16.fbx using Guid(f3557841372524d1283f68a4959d4f7f) Importer(815301076,1909f56bfc062723c751e8b465ee728b)  -> (artifact id: '221024aa975865ad6de0d74a8b7f007c') in 0.018576 seconds 
========================================================================
Received Import Request.
  Time since last request: 0.000022 seconds.
  path: Assets/Jewel Pack/Models/gem_18.fbx
  artifactKey: Guid(3acf788bba5a44ee9b7ce0e1d977718a) Importer(815301076,1909f56bfc062723c751e8b465ee728b)
Start importing Assets/Jewel Pack/Models/gem_18.fbx using Guid(3acf788bba5a44ee9b7ce0e1d977718a) Importer(815301076,1909f56bfc062723c751e8b465ee728b)  -> (artifact id: '1058b80ee7c499c78f67f7fc0c086edd') in 0.020347 seconds 
========================================================================
Received Import Request.
  Time since last request: 0.582832 seconds.
  path: Assets/LowPolyOfficeProps_LITE/Meshes/Laptop_On.fbx
  artifactKey: Guid(76baa3562988f574695af0616b6c927d) Importer(815301076,1909f56bfc062723c751e8b465ee728b)
Start importing Assets/LowPolyOfficeProps_LITE/Meshes/Laptop_On.fbx using Guid(76baa3562988f574695af0616b6c927d) Importer(815301076,1909f56bfc062723c751e8b465ee728b)  -> (artifact id: '10b9b90631bfafdd59c7f8f7673ff4d3') in 0.020920 seconds 
========================================================================
Received Import Request.
  Time since last request: 0.892140 seconds.
  path: Assets/LowPolyOfficeProps_LITE/Meshes/PenLidTop.fbx
  artifactKey: Guid(cb6d8dfb89b89154cb28d2c78e341778) Importer(815301076,1909f56bfc062723c751e8b465ee728b)
Start importing Assets/LowPolyOfficeProps_LITE/Meshes/PenLidTop.fbx using Guid(cb6d8dfb89b89154cb28d2c78e341778) Importer(815301076,1909f56bfc062723c751e8b465ee728b)  -> (artifact id: '544e31eb26f3c60992655e07baae6947') in 0.028108 seconds 
========================================================================
Received Import Request.
  Time since last request: 3.723217 seconds.
  path: Assets/Workplace Tools/Mesh/Saw.fbx
  artifactKey: Guid(797ac53505c33614f9148c60867ce8d8) Importer(815301076,1909f56bfc062723c751e8b465ee728b)
Start importing Assets/Workplace Tools/Mesh/Saw.fbx using Guid(797ac53505c33614f9148c60867ce8d8) Importer(815301076,1909f56bfc062723c751e8b465ee728b)  -> (artifact id: 'bd882c3333dbd4810b26a3678afa72da') in 0.056302 seconds 
========================================================================
Received Import Request.
  Time since last request: 1.064183 seconds.
  path: Assets/Workplace Tools/Mesh/Screw_Single_Round.fbx
  artifactKey: Guid(4af8bd0ad06485747b851e7b674e7878) Importer(815301076,1909f56bfc062723c751e8b465ee728b)
Start importing Assets/Workplace Tools/Mesh/Screw_Single_Round.fbx using Guid(4af8bd0ad06485747b851e7b674e7878) Importer(815301076,1909f56bfc062723c751e8b465ee728b)  -> (artifact id: '4c936f6e6ae3180479c8cde4f003fca7') in 0.019913 seconds 
========================================================================
Received Import Request.
  Time since last request: 0.000034 seconds.
  path: Assets/FurnishedCabin/Meshes/Collision/Shower_COL.fbx
  artifactKey: Guid(9469670e6db654dafa07295c971a3b53) Importer(815301076,1909f56bfc062723c751e8b465ee728b)
Start importing Assets/FurnishedCabin/Meshes/Collision/Shower_COL.fbx using Guid(9469670e6db654dafa07295c971a3b53) Importer(815301076,1909f56bfc062723c751e8b465ee728b)  -> (artifact id: '645ae28209b0eddc7d339dfdbfbceac1') in 0.021392 seconds 
========================================================================
Received Import Request.
  Time since last request: 9.035236 seconds.
  path: Assets/Interior Asset/Source/Shelf1/Shelf1.fbx
  artifactKey: Guid(fbb905d7d31b6bd4f8e4b7f7d31b17b3) Importer(815301076,1909f56bfc062723c751e8b465ee728b)
Start importing Assets/Interior Asset/Source/Shelf1/Shelf1.fbx using Guid(fbb905d7d31b6bd4f8e4b7f7d31b17b3) Importer(815301076,1909f56bfc062723c751e8b465ee728b)  -> (artifact id: '91910aa1817cd5e919d6565cf7d65bb3') in 0.226652 seconds 
========================================================================
Received Import Request.
  Time since last request: 0.000031 seconds.
  path: Assets/Interior Asset/Source/Pillows/2/Pillow2.fbx
  artifactKey: Guid(73666263d58f3da47a72732eaca35211) Importer(815301076,1909f56bfc062723c751e8b465ee728b)
Start importing Assets/Interior Asset/Source/Pillows/2/Pillow2.fbx using Guid(73666263d58f3da47a72732eaca35211) Importer(815301076,1909f56bfc062723c751e8b465ee728b)  -> (artifact id: '997bb7ac91bf581eb9bc46d4b5cb67c8') in 0.071788 seconds 
========================================================================
Received Import Request.
  Time since last request: 0.001061 seconds.
  path: Assets/Interior Asset/Source/InteriorPlant/Pot/Pot.fbx
  artifactKey: Guid(a2eee9005c521a742a1445bc0f7611b6) Importer(815301076,1909f56bfc062723c751e8b465ee728b)
Start importing Assets/Interior Asset/Source/InteriorPlant/Pot/Pot.fbx using Guid(a2eee9005c521a742a1445bc0f7611b6) Importer(815301076,1909f56bfc062723c751e8b465ee728b)  -> (artifact id: '2160a7ea44a0892bbaded09f1c9949c8') in 0.132839 seconds 
Editor requested this worker to shutdown with reason: Scaling down because of idle timeout
AssetImportWorker is now disconnected from the server
Process exiting
Exiting without the bug reporter. Application will terminate with return code 0